CRITICAL - 2024-04-15 09:55:41 --> ErrorException: Undefined variable $logements
in APPPATH\Views\pages\logement\type1.php on line 20.
 1 APPPATH\Views\pages\logement\type1.php(20): CodeIgniter\Debug\Exceptions->errorHandler(2, 'Undefined variable $logements', 'C:\\Users\\marcl\\xampp\\htdocs\\CVVEN\\app\\Views\\pages\\logement\\type1.php', 20)
 2 SYSTEMPATH\View\View.php(228): include('C:\\Users\\marcl\\xampp\\htdocs\\CVVEN\\app\\Views\\pages\\logement\\type1.php')
 3 SYSTEMPATH\View\View.php(231): CodeIgniter\View\View->CodeIgniter\View\{closure}()
 4 SYSTEMPATH\Common.php(1178): CodeIgniter\View\View->render('pages/logement/type1', [], true)
 5 APPPATH\Controllers\Logement.php(44): view('pages/logement/type1', [...])
 6 SYSTEMPATH\CodeIgniter.php(941): App\Controllers\Logement->type1()
 7 SYSTEMPATH\CodeIgniter.php(502): CodeIgniter\CodeIgniter->runController(Object(App\Controllers\Logement))
 8 SYSTEMPATH\CodeIgniter.php(361): CodeIgniter\CodeIgniter->handleRequest(null, Object(Config\Cache), false)
 9 FCPATH\index.php(79): CodeIgniter\CodeIgniter->run()
10 SYSTEMPATH\Commands\Server\rewrite.php(47): require_once('C:\\Users\\marcl\\xampp\\htdocs\\CVVEN\\public\\index.php')
CRITICAL - 2024-04-15 10:03:09 --> ErrorException: Undefined variable $logements
in APPPATH\Views\pages\logement\type1.php on line 20.
 1 APPPATH\Views\pages\logement\type1.php(20): CodeIgniter\Debug\Exceptions->errorHandler(2, 'Undefined variable $logements', 'C:\\Users\\marcl\\xampp\\htdocs\\CVVEN\\app\\Views\\pages\\logement\\type1.php', 20)
 2 SYSTEMPATH\View\View.php(228): include('C:\\Users\\marcl\\xampp\\htdocs\\CVVEN\\app\\Views\\pages\\logement\\type1.php')
 3 SYSTEMPATH\View\View.php(231): CodeIgniter\View\View->CodeIgniter\View\{closure}()
 4 SYSTEMPATH\Common.php(1178): CodeIgniter\View\View->render('pages/logement/type1', [], true)
 5 APPPATH\Controllers\Logement.php(44): view('pages/logement/type1', [...])
 6 SYSTEMPATH\CodeIgniter.php(941): App\Controllers\Logement->type1()
 7 SYSTEMPATH\CodeIgniter.php(502): CodeIgniter\CodeIgniter->runController(Object(App\Controllers\Logement))
 8 SYSTEMPATH\CodeIgniter.php(361): CodeIgniter\CodeIgniter->handleRequest(null, Object(Config\Cache), false)
 9 FCPATH\index.php(79): CodeIgniter\CodeIgniter->run()
10 SYSTEMPATH\Commands\Server\rewrite.php(47): require_once('C:\\Users\\marcl\\xampp\\htdocs\\CVVEN\\public\\index.php')
CRITICAL - 2024-04-15 10:03:16 --> ErrorException: Undefined variable $logements
in APPPATH\Views\pages\logement\type1.php on line 20.
 1 APPPATH\Views\pages\logement\type1.php(20): CodeIgniter\Debug\Exceptions->errorHandler(2, 'Undefined variable $logements', 'C:\\Users\\marcl\\xampp\\htdocs\\CVVEN\\app\\Views\\pages\\logement\\type1.php', 20)
 2 SYSTEMPATH\View\View.php(228): include('C:\\Users\\marcl\\xampp\\htdocs\\CVVEN\\app\\Views\\pages\\logement\\type1.php')
 3 SYSTEMPATH\View\View.php(231): CodeIgniter\View\View->CodeIgniter\View\{closure}()
 4 SYSTEMPATH\Common.php(1178): CodeIgniter\View\View->render('pages/logement/type1', [], true)
 5 APPPATH\Controllers\Logement.php(44): view('pages/logement/type1', [...])
 6 SYSTEMPATH\CodeIgniter.php(941): App\Controllers\Logement->type1()
 7 SYSTEMPATH\CodeIgniter.php(502): CodeIgniter\CodeIgniter->runController(Object(App\Controllers\Logement))
 8 SYSTEMPATH\CodeIgniter.php(361): CodeIgniter\CodeIgniter->handleRequest(null, Object(Config\Cache), false)
 9 FCPATH\index.php(79): CodeIgniter\CodeIgniter->run()
10 SYSTEMPATH\Commands\Server\rewrite.php(47): require_once('C:\\Users\\marcl\\xampp\\htdocs\\CVVEN\\public\\index.php')
CRITICAL - 2024-04-15 11:24:38 --> BadMethodCallException: Call to undefined method App\Models\LogementModel::countLogementType1
in SYSTEMPATH\Model.php on line 874.
 1 APPPATH\Controllers\Logement.php(26): CodeIgniter\Model->__call('countLogementType1', [])
 2 SYSTEMPATH\CodeIgniter.php(913): App\Controllers\Logement->__construct()
 3 SYSTEMPATH\CodeIgniter.php(493): CodeIgniter\CodeIgniter->createController()
 4 SYSTEMPATH\CodeIgniter.php(361): CodeIgniter\CodeIgniter->handleRequest(null, Object(Config\Cache), false)
 5 FCPATH\index.php(79): CodeIgniter\CodeIgniter->run()
 6 SYSTEMPATH\Commands\Server\rewrite.php(47): require_once('C:\\Users\\marcl\\xampp\\htdocs\\CVVEN\\public\\index.php')
CRITICAL - 2024-04-15 11:24:45 --> BadMethodCallException: Call to undefined method App\Models\LogementModel::countLogementType1
in SYSTEMPATH\Model.php on line 874.
 1 APPPATH\Controllers\Logement.php(26): CodeIgniter\Model->__call('countLogementType1', [])
 2 SYSTEMPATH\CodeIgniter.php(913): App\Controllers\Logement->__construct()
 3 SYSTEMPATH\CodeIgniter.php(493): CodeIgniter\CodeIgniter->createController()
 4 SYSTEMPATH\CodeIgniter.php(361): CodeIgniter\CodeIgniter->handleRequest(null, Object(Config\Cache), false)
 5 FCPATH\index.php(79): CodeIgniter\CodeIgniter->run()
 6 SYSTEMPATH\Commands\Server\rewrite.php(47): require_once('C:\\Users\\marcl\\xampp\\htdocs\\CVVEN\\public\\index.php')
CRITICAL - 2024-04-15 11:25:07 --> ErrorException: Undefined property: App\Controllers\Logement::$logementModel
in APPPATH\Controllers\Logement.php on line 38.
 1 APPPATH\Controllers\Logement.php(38): CodeIgniter\Debug\Exceptions->errorHandler(2, 'Undefined property: App\\Controllers\\Logement::$logementModel', 'C:\\Users\\marcl\\xampp\\htdocs\\CVVEN\\app\\Controllers\\Logement.php', 38)
 2 SYSTEMPATH\CodeIgniter.php(941): App\Controllers\Logement->type1()
 3 SYSTEMPATH\CodeIgniter.php(502): CodeIgniter\CodeIgniter->runController(Object(App\Controllers\Logement))
 4 SYSTEMPATH\CodeIgniter.php(361): CodeIgniter\CodeIgniter->handleRequest(null, Object(Config\Cache), false)
 5 FCPATH\index.php(79): CodeIgniter\CodeIgniter->run()
 6 SYSTEMPATH\Commands\Server\rewrite.php(47): require_once('C:\\Users\\marcl\\xampp\\htdocs\\CVVEN\\public\\index.php')
WARNING - 2024-04-15 11:26:49 --> [DEPRECATED] Creation of dynamic property App\Controllers\Logement::$logementModel is deprecated in APPPATH\Controllers\Logement.php on line 23.
 1 SYSTEMPATH\CodeIgniter.php(913): App\Controllers\Logement->__construct()
 2 SYSTEMPATH\CodeIgniter.php(493): CodeIgniter\CodeIgniter->createController()
 3 SYSTEMPATH\CodeIgniter.php(361): CodeIgniter\CodeIgniter->handleRequest(null, Object(Config\Cache), false)
 4 FCPATH\index.php(79): CodeIgniter\CodeIgniter->run()
 5 SYSTEMPATH\Commands\Server\rewrite.php(47): require_once('C:\\Users\\marcl\\xampp\\htdocs\\CVVEN\\public\\index.php')
WARNING - 2024-04-15 11:26:54 --> [DEPRECATED] Creation of dynamic property App\Controllers\Logement::$logementModel is deprecated in APPPATH\Controllers\Logement.php on line 23.
 1 SYSTEMPATH\CodeIgniter.php(913): App\Controllers\Logement->__construct()
 2 SYSTEMPATH\CodeIgniter.php(493): CodeIgniter\CodeIgniter->createController()
 3 SYSTEMPATH\CodeIgniter.php(361): CodeIgniter\CodeIgniter->handleRequest(null, Object(Config\Cache), false)
 4 FCPATH\index.php(79): CodeIgniter\CodeIgniter->run()
 5 SYSTEMPATH\Commands\Server\rewrite.php(47): require_once('C:\\Users\\marcl\\xampp\\htdocs\\CVVEN\\public\\index.php')
CRITICAL - 2024-04-15 11:26:54 --> ErrorException: Undefined variable $nbr_logement_type1
in APPPATH\Views\pages\logement.php on line 12.
 1 APPPATH\Views\pages\logement.php(12): CodeIgniter\Debug\Exceptions->errorHandler(2, 'Undefined variable $nbr_logement_type1', 'C:\\Users\\marcl\\xampp\\htdocs\\CVVEN\\app\\Views\\pages\\logement.php', 12)
 2 SYSTEMPATH\View\View.php(228): include('C:\\Users\\marcl\\xampp\\htdocs\\CVVEN\\app\\Views\\pages\\logement.php')
 3 SYSTEMPATH\View\View.php(231): CodeIgniter\View\View->CodeIgniter\View\{closure}()
 4 SYSTEMPATH\Common.php(1178): CodeIgniter\View\View->render('pages/logement', [], true)
 5 APPPATH\Controllers\Logement.php(30): view('pages/logement', [...])
 6 SYSTEMPATH\CodeIgniter.php(941): App\Controllers\Logement->view()
 7 SYSTEMPATH\CodeIgniter.php(502): CodeIgniter\CodeIgniter->runController(Object(App\Controllers\Logement))
 8 SYSTEMPATH\CodeIgniter.php(361): CodeIgniter\CodeIgniter->handleRequest(null, Object(Config\Cache), false)
 9 FCPATH\index.php(79): CodeIgniter\CodeIgniter->run()
10 SYSTEMPATH\Commands\Server\rewrite.php(47): require_once('C:\\Users\\marcl\\xampp\\htdocs\\CVVEN\\public\\index.php')
WARNING - 2024-04-15 11:28:23 --> [DEPRECATED] Creation of dynamic property App\Controllers\Logement::$logementModel is deprecated in APPPATH\Controllers\Logement.php on line 23.
 1 SYSTEMPATH\CodeIgniter.php(913): App\Controllers\Logement->__construct()
 2 SYSTEMPATH\CodeIgniter.php(493): CodeIgniter\CodeIgniter->createController()
 3 SYSTEMPATH\CodeIgniter.php(361): CodeIgniter\CodeIgniter->handleRequest(null, Object(Config\Cache), false)
 4 FCPATH\index.php(79): CodeIgniter\CodeIgniter->run()
 5 SYSTEMPATH\Commands\Server\rewrite.php(47): require_once('C:\\Users\\marcl\\xampp\\htdocs\\CVVEN\\public\\index.php')
CRITICAL - 2024-04-15 11:28:23 --> ErrorException: Undefined variable $nbr_logement_type1
in APPPATH\Views\pages\logement.php on line 12.
 1 APPPATH\Views\pages\logement.php(12): CodeIgniter\Debug\Exceptions->errorHandler(2, 'Undefined variable $nbr_logement_type1', 'C:\\Users\\marcl\\xampp\\htdocs\\CVVEN\\app\\Views\\pages\\logement.php', 12)
 2 SYSTEMPATH\View\View.php(228): include('C:\\Users\\marcl\\xampp\\htdocs\\CVVEN\\app\\Views\\pages\\logement.php')
 3 SYSTEMPATH\View\View.php(231): CodeIgniter\View\View->CodeIgniter\View\{closure}()
 4 SYSTEMPATH\Common.php(1178): CodeIgniter\View\View->render('pages/logement', [], true)
 5 APPPATH\Controllers\Logement.php(30): view('pages/logement', [...])
 6 SYSTEMPATH\CodeIgniter.php(941): App\Controllers\Logement->view()
 7 SYSTEMPATH\CodeIgniter.php(502): CodeIgniter\CodeIgniter->runController(Object(App\Controllers\Logement))
 8 SYSTEMPATH\CodeIgniter.php(361): CodeIgniter\CodeIgniter->handleRequest(null, Object(Config\Cache), false)
 9 FCPATH\index.php(79): CodeIgniter\CodeIgniter->run()
10 SYSTEMPATH\Commands\Server\rewrite.php(47): require_once('C:\\Users\\marcl\\xampp\\htdocs\\CVVEN\\public\\index.php')
WARNING - 2024-04-15 11:28:31 --> [DEPRECATED] Creation of dynamic property App\Controllers\Logement::$logementModel is deprecated in APPPATH\Controllers\Logement.php on line 23.
 1 SYSTEMPATH\CodeIgniter.php(913): App\Controllers\Logement->__construct()
 2 SYSTEMPATH\CodeIgniter.php(493): CodeIgniter\CodeIgniter->createController()
 3 SYSTEMPATH\CodeIgniter.php(361): CodeIgniter\CodeIgniter->handleRequest(null, Object(Config\Cache), false)
 4 FCPATH\index.php(79): CodeIgniter\CodeIgniter->run()
 5 SYSTEMPATH\Commands\Server\rewrite.php(47): require_once('C:\\Users\\marcl\\xampp\\htdocs\\CVVEN\\public\\index.php')
CRITICAL - 2024-04-15 11:28:31 --> ErrorException: Undefined variable $nbr_logement_type1
in APPPATH\Views\pages\logement\type1.php on line 3.
 1 APPPATH\Views\pages\logement\type1.php(3): CodeIgniter\Debug\Exceptions->errorHandler(2, 'Undefined variable $nbr_logement_type1', 'C:\\Users\\marcl\\xampp\\htdocs\\CVVEN\\app\\Views\\pages\\logement\\type1.php', 3)
 2 SYSTEMPATH\View\View.php(228): include('C:\\Users\\marcl\\xampp\\htdocs\\CVVEN\\app\\Views\\pages\\logement\\type1.php')
 3 SYSTEMPATH\View\View.php(231): CodeIgniter\View\View->CodeIgniter\View\{closure}()
 4 SYSTEMPATH\Common.php(1178): CodeIgniter\View\View->render('pages/logement/type1', [], true)
 5 APPPATH\Controllers\Logement.php(49): view('pages/logement/type1', [...])
 6 SYSTEMPATH\CodeIgniter.php(941): App\Controllers\Logement->type2()
 7 SYSTEMPATH\CodeIgniter.php(502): CodeIgniter\CodeIgniter->runController(Object(App\Controllers\Logement))
 8 SYSTEMPATH\CodeIgniter.php(361): CodeIgniter\CodeIgniter->handleRequest(null, Object(Config\Cache), false)
 9 FCPATH\index.php(79): CodeIgniter\CodeIgniter->run()
10 SYSTEMPATH\Commands\Server\rewrite.php(47): require_once('C:\\Users\\marcl\\xampp\\htdocs\\CVVEN\\public\\index.php')
WARNING - 2024-04-15 11:28:44 --> [DEPRECATED] Creation of dynamic property App\Controllers\Logement::$logementModel is deprecated in APPPATH\Controllers\Logement.php on line 23.
 1 SYSTEMPATH\CodeIgniter.php(913): App\Controllers\Logement->__construct()
 2 SYSTEMPATH\CodeIgniter.php(493): CodeIgniter\CodeIgniter->createController()
 3 SYSTEMPATH\CodeIgniter.php(361): CodeIgniter\CodeIgniter->handleRequest(null, Object(Config\Cache), false)
 4 FCPATH\index.php(79): CodeIgniter\CodeIgniter->run()
 5 SYSTEMPATH\Commands\Server\rewrite.php(47): require_once('C:\\Users\\marcl\\xampp\\htdocs\\CVVEN\\public\\index.php')
