ERROR - 2024-04-14 08:41:45 --> Error connecting to the database: mysqli_sql_exception: Aucune connexion n’a pu être établie car l’ordinateur cible l’a expressément refusée in C:\Users\marcl\xampp\htdocs\CVVEN\system\Database\MySQLi\Connection.php:184
Stack trace:
#0 C:\Users\marcl\xampp\htdocs\CVVEN\system\Database\MySQLi\Connection.php(184): mysqli->real_connect('localhost', 'root', Object(SensitiveParameterValue), 'cvven_db', 3306, '', 0)
#1 C:\Users\marcl\xampp\htdocs\CVVEN\system\Database\BaseConnection.php(392): CodeIgniter\Database\MySQLi\Connection->connect(false)
#2 C:\Users\marcl\xampp\htdocs\CVVEN\system\Database\BaseConnection.php(575): CodeIgniter\Database\BaseConnection->initialize()
#3 C:\Users\marcl\xampp\htdocs\CVVEN\system\Database\BaseBuilder.php(1616): CodeIgniter\Database\BaseConnection->query('SELECT *\nFROM `...', Array, false)
#4 C:\Users\marcl\xampp\htdocs\CVVEN\system\Model.php(242): CodeIgniter\Database\BaseBuilder->get()
#5 C:\Users\marcl\xampp\htdocs\CVVEN\system\BaseModel.php(638): CodeIgniter\Model->doFindAll(0, 0)
#6 C:\Users\marcl\xampp\htdocs\CVVEN\app\Controllers\Logement.php(23): CodeIgniter\BaseModel->findAll()
#7 C:\Users\marcl\xampp\htdocs\CVVEN\system\CodeIgniter.php(913): App\Controllers\Logement->__construct()
#8 C:\Users\marcl\xampp\htdocs\CVVEN\system\CodeIgniter.php(493): CodeIgniter\CodeIgniter->createController()
#9 C:\Users\marcl\xampp\htdocs\CVVEN\system\CodeIgniter.php(361): CodeIgniter\CodeIgniter->handleRequest(NULL, Object(Config\Cache), false)
#10 C:\Users\marcl\xampp\htdocs\CVVEN\public\index.php(79): CodeIgniter\CodeIgniter->run()
#11 C:\Users\marcl\xampp\htdocs\CVVEN\system\Commands\Server\rewrite.php(47): require_once('C:\\Users\\marcl\\...')
#12 {main}

Next CodeIgniter\Database\Exceptions\DatabaseException: Aucune connexion n’a pu être établie car l’ordinateur cible l’a expressément refusée in C:\Users\marcl\xampp\htdocs\CVVEN\system\Database\MySQLi\Connection.php:229
Stack trace:
#0 C:\Users\marcl\xampp\htdocs\CVVEN\system\Database\BaseConnection.php(392): CodeIgniter\Database\MySQLi\Connection->connect(false)
#1 C:\Users\marcl\xampp\htdocs\CVVEN\system\Database\BaseConnection.php(575): CodeIgniter\Database\BaseConnection->initialize()
#2 C:\Users\marcl\xampp\htdocs\CVVEN\system\Database\BaseBuilder.php(1616): CodeIgniter\Database\BaseConnection->query('SELECT *\nFROM `...', Array, false)
#3 C:\Users\marcl\xampp\htdocs\CVVEN\system\Model.php(242): CodeIgniter\Database\BaseBuilder->get()
#4 C:\Users\marcl\xampp\htdocs\CVVEN\system\BaseModel.php(638): CodeIgniter\Model->doFindAll(0, 0)
#5 C:\Users\marcl\xampp\htdocs\CVVEN\app\Controllers\Logement.php(23): CodeIgniter\BaseModel->findAll()
#6 C:\Users\marcl\xampp\htdocs\CVVEN\system\CodeIgniter.php(913): App\Controllers\Logement->__construct()
#7 C:\Users\marcl\xampp\htdocs\CVVEN\system\CodeIgniter.php(493): CodeIgniter\CodeIgniter->createController()
#8 C:\Users\marcl\xampp\htdocs\CVVEN\system\CodeIgniter.php(361): CodeIgniter\CodeIgniter->handleRequest(NULL, Object(Config\Cache), false)
#9 C:\Users\marcl\xampp\htdocs\CVVEN\public\index.php(79): CodeIgniter\CodeIgniter->run()
#10 C:\Users\marcl\xampp\htdocs\CVVEN\system\Commands\Server\rewrite.php(47): require_once('C:\\Users\\marcl\\...')
#11 {main}
CRITICAL - 2024-04-14 08:41:45 --> CodeIgniter\Database\Exceptions\DatabaseException: Unable to connect to the database.
Main connection [MySQLi]: Aucune connexion n’a pu être établie car l’ordinateur cible l’a expressément refusée
in SYSTEMPATH\Database\BaseConnection.php on line 428.
 1 SYSTEMPATH\Database\BaseConnection.php(575): CodeIgniter\Database\BaseConnection->initialize()
 2 SYSTEMPATH\Database\BaseBuilder.php(1616): CodeIgniter\Database\BaseConnection->query('SELECT *
FROM `logement`', [], false)
 3 SYSTEMPATH\Model.php(242): CodeIgniter\Database\BaseBuilder->get()
 4 SYSTEMPATH\BaseModel.php(638): CodeIgniter\Model->doFindAll(0, 0)
 5 APPPATH\Controllers\Logement.php(23): CodeIgniter\BaseModel->findAll()
 6 SYSTEMPATH\CodeIgniter.php(913): App\Controllers\Logement->__construct()
 7 SYSTEMPATH\CodeIgniter.php(493): CodeIgniter\CodeIgniter->createController()
 8 SYSTEMPATH\CodeIgniter.php(361): CodeIgniter\CodeIgniter->handleRequest(null, Object(Config\Cache), false)
 9 FCPATH\index.php(79): CodeIgniter\CodeIgniter->run()
10 SYSTEMPATH\Commands\Server\rewrite.php(47): require_once('C:\\Users\\marcl\\xampp\\htdocs\\CVVEN\\public\\index.php')
ERROR - 2024-04-14 08:57:28 --> Error connecting to the database: mysqli_sql_exception: Aucune connexion n’a pu être établie car l’ordinateur cible l’a expressément refusée in C:\Users\marcl\xampp\htdocs\CVVEN\system\Database\MySQLi\Connection.php:184
Stack trace:
#0 C:\Users\marcl\xampp\htdocs\CVVEN\system\Database\MySQLi\Connection.php(184): mysqli->real_connect('localhost', 'root', Object(SensitiveParameterValue), 'cvven_db', 3306, '', 0)
#1 C:\Users\marcl\xampp\htdocs\CVVEN\system\Database\BaseConnection.php(392): CodeIgniter\Database\MySQLi\Connection->connect(false)
#2 C:\Users\marcl\xampp\htdocs\CVVEN\system\Database\BaseConnection.php(575): CodeIgniter\Database\BaseConnection->initialize()
#3 C:\Users\marcl\xampp\htdocs\CVVEN\system\Database\BaseBuilder.php(1616): CodeIgniter\Database\BaseConnection->query('SELECT *\nFROM `...', Array, false)
#4 C:\Users\marcl\xampp\htdocs\CVVEN\system\Model.php(242): CodeIgniter\Database\BaseBuilder->get()
#5 C:\Users\marcl\xampp\htdocs\CVVEN\system\BaseModel.php(638): CodeIgniter\Model->doFindAll(0, 0)
#6 C:\Users\marcl\xampp\htdocs\CVVEN\app\Controllers\Logement.php(23): CodeIgniter\BaseModel->findAll()
#7 C:\Users\marcl\xampp\htdocs\CVVEN\system\CodeIgniter.php(913): App\Controllers\Logement->__construct()
#8 C:\Users\marcl\xampp\htdocs\CVVEN\system\CodeIgniter.php(493): CodeIgniter\CodeIgniter->createController()
#9 C:\Users\marcl\xampp\htdocs\CVVEN\system\CodeIgniter.php(361): CodeIgniter\CodeIgniter->handleRequest(NULL, Object(Config\Cache), false)
#10 C:\Users\marcl\xampp\htdocs\CVVEN\public\index.php(79): CodeIgniter\CodeIgniter->run()
#11 C:\Users\marcl\xampp\htdocs\CVVEN\system\Commands\Server\rewrite.php(47): require_once('C:\\Users\\marcl\\...')
#12 {main}

Next CodeIgniter\Database\Exceptions\DatabaseException: Aucune connexion n’a pu être établie car l’ordinateur cible l’a expressément refusée in C:\Users\marcl\xampp\htdocs\CVVEN\system\Database\MySQLi\Connection.php:229
Stack trace:
#0 C:\Users\marcl\xampp\htdocs\CVVEN\system\Database\BaseConnection.php(392): CodeIgniter\Database\MySQLi\Connection->connect(false)
#1 C:\Users\marcl\xampp\htdocs\CVVEN\system\Database\BaseConnection.php(575): CodeIgniter\Database\BaseConnection->initialize()
#2 C:\Users\marcl\xampp\htdocs\CVVEN\system\Database\BaseBuilder.php(1616): CodeIgniter\Database\BaseConnection->query('SELECT *\nFROM `...', Array, false)
#3 C:\Users\marcl\xampp\htdocs\CVVEN\system\Model.php(242): CodeIgniter\Database\BaseBuilder->get()
#4 C:\Users\marcl\xampp\htdocs\CVVEN\system\BaseModel.php(638): CodeIgniter\Model->doFindAll(0, 0)
#5 C:\Users\marcl\xampp\htdocs\CVVEN\app\Controllers\Logement.php(23): CodeIgniter\BaseModel->findAll()
#6 C:\Users\marcl\xampp\htdocs\CVVEN\system\CodeIgniter.php(913): App\Controllers\Logement->__construct()
#7 C:\Users\marcl\xampp\htdocs\CVVEN\system\CodeIgniter.php(493): CodeIgniter\CodeIgniter->createController()
#8 C:\Users\marcl\xampp\htdocs\CVVEN\system\CodeIgniter.php(361): CodeIgniter\CodeIgniter->handleRequest(NULL, Object(Config\Cache), false)
#9 C:\Users\marcl\xampp\htdocs\CVVEN\public\index.php(79): CodeIgniter\CodeIgniter->run()
#10 C:\Users\marcl\xampp\htdocs\CVVEN\system\Commands\Server\rewrite.php(47): require_once('C:\\Users\\marcl\\...')
#11 {main}
CRITICAL - 2024-04-14 08:57:28 --> CodeIgniter\Database\Exceptions\DatabaseException: Unable to connect to the database.
Main connection [MySQLi]: Aucune connexion n’a pu être établie car l’ordinateur cible l’a expressément refusée
in SYSTEMPATH\Database\BaseConnection.php on line 428.
 1 SYSTEMPATH\Database\BaseConnection.php(575): CodeIgniter\Database\BaseConnection->initialize()
 2 SYSTEMPATH\Database\BaseBuilder.php(1616): CodeIgniter\Database\BaseConnection->query('SELECT *
FROM `logement`', [], false)
 3 SYSTEMPATH\Model.php(242): CodeIgniter\Database\BaseBuilder->get()
 4 SYSTEMPATH\BaseModel.php(638): CodeIgniter\Model->doFindAll(0, 0)
 5 APPPATH\Controllers\Logement.php(23): CodeIgniter\BaseModel->findAll()
 6 SYSTEMPATH\CodeIgniter.php(913): App\Controllers\Logement->__construct()
 7 SYSTEMPATH\CodeIgniter.php(493): CodeIgniter\CodeIgniter->createController()
 8 SYSTEMPATH\CodeIgniter.php(361): CodeIgniter\CodeIgniter->handleRequest(null, Object(Config\Cache), false)
 9 FCPATH\index.php(79): CodeIgniter\CodeIgniter->run()
10 SYSTEMPATH\Commands\Server\rewrite.php(47): require_once('C:\\Users\\marcl\\xampp\\htdocs\\CVVEN\\public\\index.php')
CRITICAL - 2024-04-14 13:52:43 --> ErrorException: Undefined variable $id
in APPPATH\Views\pages\logement.php on line 12.
 1 APPPATH\Views\pages\logement.php(12): CodeIgniter\Debug\Exceptions->errorHandler(2, 'Undefined variable $id', 'C:\\Users\\marcl\\xampp\\htdocs\\CVVEN\\app\\Views\\pages\\logement.php', 12)
 2 SYSTEMPATH\View\View.php(228): include('C:\\Users\\marcl\\xampp\\htdocs\\CVVEN\\app\\Views\\pages\\logement.php')
 3 SYSTEMPATH\View\View.php(231): CodeIgniter\View\View->CodeIgniter\View\{closure}()
 4 SYSTEMPATH\Common.php(1178): CodeIgniter\View\View->render('pages/logement', [], true)
 5 APPPATH\Controllers\Logement.php(35): view('pages/logement', [...])
 6 SYSTEMPATH\CodeIgniter.php(941): App\Controllers\Logement->view()
 7 SYSTEMPATH\CodeIgniter.php(502): CodeIgniter\CodeIgniter->runController(Object(App\Controllers\Logement))
 8 SYSTEMPATH\CodeIgniter.php(361): CodeIgniter\CodeIgniter->handleRequest(null, Object(Config\Cache), false)
 9 FCPATH\index.php(79): CodeIgniter\CodeIgniter->run()
10 SYSTEMPATH\Commands\Server\rewrite.php(47): require_once('C:\\Users\\marcl\\xampp\\htdocs\\CVVEN\\public\\index.php')
CRITICAL - 2024-04-14 14:05:33 --> TypeError: view(): Argument #3 ($options) must be of type array, null given, called in C:\Users\marcl\xampp\htdocs\CVVEN\app\Controllers\Logement.php on line 36
in SYSTEMPATH\Common.php on line 1166.
 1 APPPATH\Controllers\Logement.php(36): view('pages/logement', [...], null)
 2 SYSTEMPATH\CodeIgniter.php(941): App\Controllers\Logement->view()
 3 SYSTEMPATH\CodeIgniter.php(502): CodeIgniter\CodeIgniter->runController(Object(App\Controllers\Logement))
 4 SYSTEMPATH\CodeIgniter.php(361): CodeIgniter\CodeIgniter->handleRequest(null, Object(Config\Cache), false)
 5 FCPATH\index.php(79): CodeIgniter\CodeIgniter->run()
 6 SYSTEMPATH\Commands\Server\rewrite.php(47): require_once('C:\\Users\\marcl\\xampp\\htdocs\\CVVEN\\public\\index.php')
CRITICAL - 2024-04-14 14:06:36 --> ErrorException: Undefined variable $id
in APPPATH\Views\pages\logement.php on line 68.
 1 APPPATH\Views\pages\logement.php(68): CodeIgniter\Debug\Exceptions->errorHandler(2, 'Undefined variable $id', 'C:\\Users\\marcl\\xampp\\htdocs\\CVVEN\\app\\Views\\pages\\logement.php', 68)
 2 SYSTEMPATH\View\View.php(228): include('C:\\Users\\marcl\\xampp\\htdocs\\CVVEN\\app\\Views\\pages\\logement.php')
 3 SYSTEMPATH\View\View.php(231): CodeIgniter\View\View->CodeIgniter\View\{closure}()
 4 SYSTEMPATH\Common.php(1178): CodeIgniter\View\View->render('pages/logement', [], true)
 5 APPPATH\Controllers\Logement.php(35): view('pages/logement', [...])
 6 SYSTEMPATH\CodeIgniter.php(941): App\Controllers\Logement->view()
 7 SYSTEMPATH\CodeIgniter.php(502): CodeIgniter\CodeIgniter->runController(Object(App\Controllers\Logement))
 8 SYSTEMPATH\CodeIgniter.php(361): CodeIgniter\CodeIgniter->handleRequest(null, Object(Config\Cache), false)
 9 FCPATH\index.php(79): CodeIgniter\CodeIgniter->run()
10 SYSTEMPATH\Commands\Server\rewrite.php(47): require_once('C:\\Users\\marcl\\xampp\\htdocs\\CVVEN\\public\\index.php')
CRITICAL - 2024-04-14 14:07:29 --> TypeError: view(): Argument #2 ($data) must be of type array, null given, called in C:\Users\marcl\xampp\htdocs\CVVEN\app\Controllers\Logement.php on line 49
in SYSTEMPATH\Common.php on line 1166.
 1 APPPATH\Controllers\Logement.php(49): view('pages/logement/type2', null)
 2 SYSTEMPATH\CodeIgniter.php(941): App\Controllers\Logement->type2()
 3 SYSTEMPATH\CodeIgniter.php(502): CodeIgniter\CodeIgniter->runController(Object(App\Controllers\Logement))
 4 SYSTEMPATH\CodeIgniter.php(361): CodeIgniter\CodeIgniter->handleRequest(null, Object(Config\Cache), false)
 5 FCPATH\index.php(79): CodeIgniter\CodeIgniter->run()
 6 SYSTEMPATH\Commands\Server\rewrite.php(47): require_once('C:\\Users\\marcl\\xampp\\htdocs\\CVVEN\\public\\index.php')
CRITICAL - 2024-04-14 14:07:56 --> ErrorException: Undefined variable $id
in APPPATH\Views\pages\logement\type2.php on line 3.
 1 APPPATH\Views\pages\logement\type2.php(3): CodeIgniter\Debug\Exceptions->errorHandler(2, 'Undefined variable $id', 'C:\\Users\\marcl\\xampp\\htdocs\\CVVEN\\app\\Views\\pages\\logement\\type2.php', 3)
 2 SYSTEMPATH\View\View.php(228): include('C:\\Users\\marcl\\xampp\\htdocs\\CVVEN\\app\\Views\\pages\\logement\\type2.php')
 3 SYSTEMPATH\View\View.php(231): CodeIgniter\View\View->CodeIgniter\View\{closure}()
 4 SYSTEMPATH\Common.php(1178): CodeIgniter\View\View->render('pages/logement/type2', [], true)
 5 APPPATH\Controllers\Logement.php(49): view('pages/logement/type2', [...])
 6 SYSTEMPATH\CodeIgniter.php(941): App\Controllers\Logement->type2()
 7 SYSTEMPATH\CodeIgniter.php(502): CodeIgniter\CodeIgniter->runController(Object(App\Controllers\Logement))
 8 SYSTEMPATH\CodeIgniter.php(361): CodeIgniter\CodeIgniter->handleRequest(null, Object(Config\Cache), false)
 9 FCPATH\index.php(79): CodeIgniter\CodeIgniter->run()
10 SYSTEMPATH\Commands\Server\rewrite.php(47): require_once('C:\\Users\\marcl\\xampp\\htdocs\\CVVEN\\public\\index.php')
CRITICAL - 2024-04-14 14:09:47 --> TypeError: view(): Argument #2 ($data) must be of type array, null given, called in C:\Users\marcl\xampp\htdocs\CVVEN\app\Controllers\Logement.php on line 50
in SYSTEMPATH\Common.php on line 1166.
 1 APPPATH\Controllers\Logement.php(50): view('pages/logement/type2', null)
 2 SYSTEMPATH\CodeIgniter.php(941): App\Controllers\Logement->type2()
 3 SYSTEMPATH\CodeIgniter.php(502): CodeIgniter\CodeIgniter->runController(Object(App\Controllers\Logement))
 4 SYSTEMPATH\CodeIgniter.php(361): CodeIgniter\CodeIgniter->handleRequest(null, Object(Config\Cache), false)
 5 FCPATH\index.php(79): CodeIgniter\CodeIgniter->run()
 6 SYSTEMPATH\Commands\Server\rewrite.php(47): require_once('C:\\Users\\marcl\\xampp\\htdocs\\CVVEN\\public\\index.php')
CRITICAL - 2024-04-14 14:10:40 --> BadMethodCallException: Call to undefined method App\Models\LogementModel::countLogementType1
in SYSTEMPATH\Model.php on line 874.
 1 APPPATH\Controllers\Logement.php(26): CodeIgniter\Model->__call('countLogementType1', [])
 2 SYSTEMPATH\CodeIgniter.php(913): App\Controllers\Logement->__construct()
 3 SYSTEMPATH\CodeIgniter.php(493): CodeIgniter\CodeIgniter->createController()
 4 SYSTEMPATH\CodeIgniter.php(361): CodeIgniter\CodeIgniter->handleRequest(null, Object(Config\Cache), false)
 5 FCPATH\index.php(79): CodeIgniter\CodeIgniter->run()
 6 SYSTEMPATH\Commands\Server\rewrite.php(47): require_once('C:\\Users\\marcl\\xampp\\htdocs\\CVVEN\\public\\index.php')
CRITICAL - 2024-04-14 14:10:58 --> TypeError: view(): Argument #2 ($data) must be of type array, null given, called in C:\Users\marcl\xampp\htdocs\CVVEN\app\Controllers\Logement.php on line 50
in SYSTEMPATH\Common.php on line 1166.
 1 APPPATH\Controllers\Logement.php(50): view('pages/logement/type2', null)
 2 SYSTEMPATH\CodeIgniter.php(941): App\Controllers\Logement->type2()
 3 SYSTEMPATH\CodeIgniter.php(502): CodeIgniter\CodeIgniter->runController(Object(App\Controllers\Logement))
 4 SYSTEMPATH\CodeIgniter.php(361): CodeIgniter\CodeIgniter->handleRequest(null, Object(Config\Cache), false)
 5 FCPATH\index.php(79): CodeIgniter\CodeIgniter->run()
 6 SYSTEMPATH\Commands\Server\rewrite.php(47): require_once('C:\\Users\\marcl\\xampp\\htdocs\\CVVEN\\public\\index.php')
