WARNING - 2024-04-17 08:57:44 --> [DEPRECATED] Creation of dynamic property App\Controllers\Logement::$logementModel is deprecated in APPPATH\Controllers\Logement.php on line 23.
 1 SYSTEMPATH\CodeIgniter.php(913): App\Controllers\Logement->__construct()
 2 SYSTEMPATH\CodeIgniter.php(493): CodeIgniter\CodeIgniter->createController()
 3 SYSTEMPATH\CodeIgniter.php(361): CodeIgniter\CodeIgniter->handleRequest(null, Object(Config\Cache), false)
 4 FCPATH\index.php(79): CodeIgniter\CodeIgniter->run()
 5 SYSTEMPATH\Commands\Server\rewrite.php(47): require_once('C:\\Users\\marcl\\xampp\\htdocs\\CVVEN\\public\\index.php')
WARNING - 2024-04-17 09:00:27 --> [DEPRECATED] Creation of dynamic property App\Controllers\Logement::$logementModel is deprecated in APPPATH\Controllers\Logement.php on line 23.
 1 SYSTEMPATH\CodeIgniter.php(913): App\Controllers\Logement->__construct()
 2 SYSTEMPATH\CodeIgniter.php(493): CodeIgniter\CodeIgniter->createController()
 3 SYSTEMPATH\CodeIgniter.php(361): CodeIgniter\CodeIgniter->handleRequest(null, Object(Config\Cache), false)
 4 FCPATH\index.php(79): CodeIgniter\CodeIgniter->run()
 5 SYSTEMPATH\Commands\Server\rewrite.php(47): require_once('C:\\Users\\marcl\\xampp\\htdocs\\CVVEN\\public\\index.php')
WARNING - 2024-04-17 09:01:24 --> [DEPRECATED] Creation of dynamic property App\Controllers\Logement::$logementModel is deprecated in APPPATH\Controllers\Logement.php on line 23.
 1 SYSTEMPATH\CodeIgniter.php(913): App\Controllers\Logement->__construct()
 2 SYSTEMPATH\CodeIgniter.php(493): CodeIgniter\CodeIgniter->createController()
 3 SYSTEMPATH\CodeIgniter.php(361): CodeIgniter\CodeIgniter->handleRequest(null, Object(Config\Cache), false)
 4 FCPATH\index.php(79): CodeIgniter\CodeIgniter->run()
 5 SYSTEMPATH\Commands\Server\rewrite.php(47): require_once('C:\\Users\\marcl\\xampp\\htdocs\\CVVEN\\public\\index.php')
WARNING - 2024-04-17 09:08:47 --> [DEPRECATED] Creation of dynamic property App\Controllers\Logement::$logementModel is deprecated in APPPATH\Controllers\Logement.php on line 23.
 1 SYSTEMPATH\CodeIgniter.php(913): App\Controllers\Logement->__construct()
 2 SYSTEMPATH\CodeIgniter.php(493): CodeIgniter\CodeIgniter->createController()
 3 SYSTEMPATH\CodeIgniter.php(361): CodeIgniter\CodeIgniter->handleRequest(null, Object(Config\Cache), false)
 4 FCPATH\index.php(79): CodeIgniter\CodeIgniter->run()
 5 SYSTEMPATH\Commands\Server\rewrite.php(47): require_once('C:\\Users\\marcl\\xampp\\htdocs\\CVVEN\\public\\index.php')
WARNING - 2024-04-17 09:08:48 --> [DEPRECATED] Creation of dynamic property App\Controllers\Logement::$logementModel is deprecated in APPPATH\Controllers\Logement.php on line 23.
 1 SYSTEMPATH\CodeIgniter.php(913): App\Controllers\Logement->__construct()
 2 SYSTEMPATH\CodeIgniter.php(493): CodeIgniter\CodeIgniter->createController()
 3 SYSTEMPATH\CodeIgniter.php(361): CodeIgniter\CodeIgniter->handleRequest(null, Object(Config\Cache), false)
 4 FCPATH\index.php(79): CodeIgniter\CodeIgniter->run()
 5 SYSTEMPATH\Commands\Server\rewrite.php(47): require_once('C:\\Users\\marcl\\xampp\\htdocs\\CVVEN\\public\\index.php')
WARNING - 2024-04-17 09:08:52 --> [DEPRECATED] Creation of dynamic property App\Controllers\Logement::$logementModel is deprecated in APPPATH\Controllers\Logement.php on line 23.
 1 SYSTEMPATH\CodeIgniter.php(913): App\Controllers\Logement->__construct()
 2 SYSTEMPATH\CodeIgniter.php(493): CodeIgniter\CodeIgniter->createController()
 3 SYSTEMPATH\CodeIgniter.php(361): CodeIgniter\CodeIgniter->handleRequest(null, Object(Config\Cache), false)
 4 FCPATH\index.php(79): CodeIgniter\CodeIgniter->run()
 5 SYSTEMPATH\Commands\Server\rewrite.php(47): require_once('C:\\Users\\marcl\\xampp\\htdocs\\CVVEN\\public\\index.php')
WARNING - 2024-04-17 09:08:58 --> [DEPRECATED] Creation of dynamic property App\Controllers\Logement::$logementModel is deprecated in APPPATH\Controllers\Logement.php on line 23.
 1 SYSTEMPATH\CodeIgniter.php(913): App\Controllers\Logement->__construct()
 2 SYSTEMPATH\CodeIgniter.php(493): CodeIgniter\CodeIgniter->createController()
 3 SYSTEMPATH\CodeIgniter.php(361): CodeIgniter\CodeIgniter->handleRequest(null, Object(Config\Cache), false)
 4 FCPATH\index.php(79): CodeIgniter\CodeIgniter->run()
 5 SYSTEMPATH\Commands\Server\rewrite.php(47): require_once('C:\\Users\\marcl\\xampp\\htdocs\\CVVEN\\public\\index.php')
WARNING - 2024-04-17 09:09:11 --> [DEPRECATED] Creation of dynamic property App\Controllers\Logement::$logementModel is deprecated in APPPATH\Controllers\Logement.php on line 23.
 1 SYSTEMPATH\CodeIgniter.php(913): App\Controllers\Logement->__construct()
 2 SYSTEMPATH\CodeIgniter.php(493): CodeIgniter\CodeIgniter->createController()
 3 SYSTEMPATH\CodeIgniter.php(361): CodeIgniter\CodeIgniter->handleRequest(null, Object(Config\Cache), false)
 4 FCPATH\index.php(79): CodeIgniter\CodeIgniter->run()
 5 SYSTEMPATH\Commands\Server\rewrite.php(47): require_once('C:\\Users\\marcl\\xampp\\htdocs\\CVVEN\\public\\index.php')
WARNING - 2024-04-17 09:09:14 --> [DEPRECATED] Creation of dynamic property App\Controllers\Logement::$logementModel is deprecated in APPPATH\Controllers\Logement.php on line 23.
 1 SYSTEMPATH\CodeIgniter.php(913): App\Controllers\Logement->__construct()
 2 SYSTEMPATH\CodeIgniter.php(493): CodeIgniter\CodeIgniter->createController()
 3 SYSTEMPATH\CodeIgniter.php(361): CodeIgniter\CodeIgniter->handleRequest(null, Object(Config\Cache), false)
 4 FCPATH\index.php(79): CodeIgniter\CodeIgniter->run()
 5 SYSTEMPATH\Commands\Server\rewrite.php(47): require_once('C:\\Users\\marcl\\xampp\\htdocs\\CVVEN\\public\\index.php')
WARNING - 2024-04-17 09:09:28 --> [DEPRECATED] Creation of dynamic property App\Controllers\Logement::$logementModel is deprecated in APPPATH\Controllers\Logement.php on line 23.
 1 SYSTEMPATH\CodeIgniter.php(913): App\Controllers\Logement->__construct()
 2 SYSTEMPATH\CodeIgniter.php(493): CodeIgniter\CodeIgniter->createController()
 3 SYSTEMPATH\CodeIgniter.php(361): CodeIgniter\CodeIgniter->handleRequest(null, Object(Config\Cache), false)
 4 FCPATH\index.php(79): CodeIgniter\CodeIgniter->run()
 5 SYSTEMPATH\Commands\Server\rewrite.php(47): require_once('C:\\Users\\marcl\\xampp\\htdocs\\CVVEN\\public\\index.php')
WARNING - 2024-04-17 09:09:29 --> [DEPRECATED] Creation of dynamic property App\Controllers\Logement::$logementModel is deprecated in APPPATH\Controllers\Logement.php on line 23.
 1 SYSTEMPATH\CodeIgniter.php(913): App\Controllers\Logement->__construct()
 2 SYSTEMPATH\CodeIgniter.php(493): CodeIgniter\CodeIgniter->createController()
 3 SYSTEMPATH\CodeIgniter.php(361): CodeIgniter\CodeIgniter->handleRequest(null, Object(Config\Cache), false)
 4 FCPATH\index.php(79): CodeIgniter\CodeIgniter->run()
 5 SYSTEMPATH\Commands\Server\rewrite.php(47): require_once('C:\\Users\\marcl\\xampp\\htdocs\\CVVEN\\public\\index.php')
WARNING - 2024-04-17 09:09:29 --> [DEPRECATED] Creation of dynamic property App\Controllers\Logement::$logementModel is deprecated in APPPATH\Controllers\Logement.php on line 23.
 1 SYSTEMPATH\CodeIgniter.php(913): App\Controllers\Logement->__construct()
 2 SYSTEMPATH\CodeIgniter.php(493): CodeIgniter\CodeIgniter->createController()
 3 SYSTEMPATH\CodeIgniter.php(361): CodeIgniter\CodeIgniter->handleRequest(null, Object(Config\Cache), false)
 4 FCPATH\index.php(79): CodeIgniter\CodeIgniter->run()
 5 SYSTEMPATH\Commands\Server\rewrite.php(47): require_once('C:\\Users\\marcl\\xampp\\htdocs\\CVVEN\\public\\index.php')
WARNING - 2024-04-17 09:09:30 --> [DEPRECATED] Creation of dynamic property App\Controllers\Logement::$logementModel is deprecated in APPPATH\Controllers\Logement.php on line 23.
 1 SYSTEMPATH\CodeIgniter.php(913): App\Controllers\Logement->__construct()
 2 SYSTEMPATH\CodeIgniter.php(493): CodeIgniter\CodeIgniter->createController()
 3 SYSTEMPATH\CodeIgniter.php(361): CodeIgniter\CodeIgniter->handleRequest(null, Object(Config\Cache), false)
 4 FCPATH\index.php(79): CodeIgniter\CodeIgniter->run()
 5 SYSTEMPATH\Commands\Server\rewrite.php(47): require_once('C:\\Users\\marcl\\xampp\\htdocs\\CVVEN\\public\\index.php')
WARNING - 2024-04-17 09:09:35 --> [DEPRECATED] Creation of dynamic property App\Controllers\Logement::$logementModel is deprecated in APPPATH\Controllers\Logement.php on line 23.
 1 SYSTEMPATH\CodeIgniter.php(913): App\Controllers\Logement->__construct()
 2 SYSTEMPATH\CodeIgniter.php(493): CodeIgniter\CodeIgniter->createController()
 3 SYSTEMPATH\CodeIgniter.php(361): CodeIgniter\CodeIgniter->handleRequest(null, Object(Config\Cache), false)
 4 FCPATH\index.php(79): CodeIgniter\CodeIgniter->run()
 5 SYSTEMPATH\Commands\Server\rewrite.php(47): require_once('C:\\Users\\marcl\\xampp\\htdocs\\CVVEN\\public\\index.php')
WARNING - 2024-04-17 09:09:39 --> [DEPRECATED] Creation of dynamic property App\Controllers\Logement::$logementModel is deprecated in APPPATH\Controllers\Logement.php on line 23.
 1 SYSTEMPATH\CodeIgniter.php(913): App\Controllers\Logement->__construct()
 2 SYSTEMPATH\CodeIgniter.php(493): CodeIgniter\CodeIgniter->createController()
 3 SYSTEMPATH\CodeIgniter.php(361): CodeIgniter\CodeIgniter->handleRequest(null, Object(Config\Cache), false)
 4 FCPATH\index.php(79): CodeIgniter\CodeIgniter->run()
 5 SYSTEMPATH\Commands\Server\rewrite.php(47): require_once('C:\\Users\\marcl\\xampp\\htdocs\\CVVEN\\public\\index.php')
WARNING - 2024-04-17 09:09:44 --> [DEPRECATED] Creation of dynamic property App\Controllers\Logement::$logementModel is deprecated in APPPATH\Controllers\Logement.php on line 23.
 1 SYSTEMPATH\CodeIgniter.php(913): App\Controllers\Logement->__construct()
 2 SYSTEMPATH\CodeIgniter.php(493): CodeIgniter\CodeIgniter->createController()
 3 SYSTEMPATH\CodeIgniter.php(361): CodeIgniter\CodeIgniter->handleRequest(null, Object(Config\Cache), false)
 4 FCPATH\index.php(79): CodeIgniter\CodeIgniter->run()
 5 SYSTEMPATH\Commands\Server\rewrite.php(47): require_once('C:\\Users\\marcl\\xampp\\htdocs\\CVVEN\\public\\index.php')
WARNING - 2024-04-17 09:09:50 --> [DEPRECATED] Creation of dynamic property App\Controllers\Logement::$logementModel is deprecated in APPPATH\Controllers\Logement.php on line 23.
 1 SYSTEMPATH\CodeIgniter.php(913): App\Controllers\Logement->__construct()
 2 SYSTEMPATH\CodeIgniter.php(493): CodeIgniter\CodeIgniter->createController()
 3 SYSTEMPATH\CodeIgniter.php(361): CodeIgniter\CodeIgniter->handleRequest(null, Object(Config\Cache), false)
 4 FCPATH\index.php(79): CodeIgniter\CodeIgniter->run()
 5 SYSTEMPATH\Commands\Server\rewrite.php(47): require_once('C:\\Users\\marcl\\xampp\\htdocs\\CVVEN\\public\\index.php')
WARNING - 2024-04-17 09:09:53 --> [DEPRECATED] Creation of dynamic property App\Controllers\Logement::$logementModel is deprecated in APPPATH\Controllers\Logement.php on line 23.
 1 SYSTEMPATH\CodeIgniter.php(913): App\Controllers\Logement->__construct()
 2 SYSTEMPATH\CodeIgniter.php(493): CodeIgniter\CodeIgniter->createController()
 3 SYSTEMPATH\CodeIgniter.php(361): CodeIgniter\CodeIgniter->handleRequest(null, Object(Config\Cache), false)
 4 FCPATH\index.php(79): CodeIgniter\CodeIgniter->run()
 5 SYSTEMPATH\Commands\Server\rewrite.php(47): require_once('C:\\Users\\marcl\\xampp\\htdocs\\CVVEN\\public\\index.php')
WARNING - 2024-04-17 09:09:57 --> [DEPRECATED] Creation of dynamic property App\Controllers\Logement::$logementModel is deprecated in APPPATH\Controllers\Logement.php on line 23.
 1 SYSTEMPATH\CodeIgniter.php(913): App\Controllers\Logement->__construct()
 2 SYSTEMPATH\CodeIgniter.php(493): CodeIgniter\CodeIgniter->createController()
 3 SYSTEMPATH\CodeIgniter.php(361): CodeIgniter\CodeIgniter->handleRequest(null, Object(Config\Cache), false)
 4 FCPATH\index.php(79): CodeIgniter\CodeIgniter->run()
 5 SYSTEMPATH\Commands\Server\rewrite.php(47): require_once('C:\\Users\\marcl\\xampp\\htdocs\\CVVEN\\public\\index.php')
WARNING - 2024-04-17 09:19:50 --> [DEPRECATED] Creation of dynamic property App\Controllers\Logement::$logementModel is deprecated in APPPATH\Controllers\Logement.php on line 23.
 1 SYSTEMPATH\CodeIgniter.php(913): App\Controllers\Logement->__construct()
 2 SYSTEMPATH\CodeIgniter.php(493): CodeIgniter\CodeIgniter->createController()
 3 SYSTEMPATH\CodeIgniter.php(361): CodeIgniter\CodeIgniter->handleRequest(null, Object(Config\Cache), false)
 4 FCPATH\index.php(79): CodeIgniter\CodeIgniter->run()
 5 SYSTEMPATH\Commands\Server\rewrite.php(47): require_once('C:\\Users\\marcl\\xampp\\htdocs\\CVVEN\\public\\index.php')
WARNING - 2024-04-17 09:19:51 --> [DEPRECATED] Creation of dynamic property App\Controllers\Logement::$logementModel is deprecated in APPPATH\Controllers\Logement.php on line 23.
 1 SYSTEMPATH\CodeIgniter.php(913): App\Controllers\Logement->__construct()
 2 SYSTEMPATH\CodeIgniter.php(493): CodeIgniter\CodeIgniter->createController()
 3 SYSTEMPATH\CodeIgniter.php(361): CodeIgniter\CodeIgniter->handleRequest(null, Object(Config\Cache), false)
 4 FCPATH\index.php(79): CodeIgniter\CodeIgniter->run()
 5 SYSTEMPATH\Commands\Server\rewrite.php(47): require_once('C:\\Users\\marcl\\xampp\\htdocs\\CVVEN\\public\\index.php')
WARNING - 2024-04-17 09:27:34 --> [DEPRECATED] Creation of dynamic property App\Controllers\Logement::$logementModel is deprecated in APPPATH\Controllers\Logement.php on line 23.
 1 SYSTEMPATH\CodeIgniter.php(913): App\Controllers\Logement->__construct()
 2 SYSTEMPATH\CodeIgniter.php(493): CodeIgniter\CodeIgniter->createController()
 3 SYSTEMPATH\CodeIgniter.php(361): CodeIgniter\CodeIgniter->handleRequest(null, Object(Config\Cache), false)
 4 FCPATH\index.php(79): CodeIgniter\CodeIgniter->run()
 5 SYSTEMPATH\Commands\Server\rewrite.php(47): require_once('C:\\Users\\marcl\\xampp\\htdocs\\CVVEN\\public\\index.php')
WARNING - 2024-04-17 09:27:39 --> [DEPRECATED] Creation of dynamic property App\Controllers\Logement::$logementModel is deprecated in APPPATH\Controllers\Logement.php on line 23.
 1 SYSTEMPATH\CodeIgniter.php(913): App\Controllers\Logement->__construct()
 2 SYSTEMPATH\CodeIgniter.php(493): CodeIgniter\CodeIgniter->createController()
 3 SYSTEMPATH\CodeIgniter.php(361): CodeIgniter\CodeIgniter->handleRequest(null, Object(Config\Cache), false)
 4 FCPATH\index.php(79): CodeIgniter\CodeIgniter->run()
 5 SYSTEMPATH\Commands\Server\rewrite.php(47): require_once('C:\\Users\\marcl\\xampp\\htdocs\\CVVEN\\public\\index.php')
WARNING - 2024-04-17 09:27:40 --> [DEPRECATED] Creation of dynamic property App\Controllers\Logement::$logementModel is deprecated in APPPATH\Controllers\Logement.php on line 23.
 1 SYSTEMPATH\CodeIgniter.php(913): App\Controllers\Logement->__construct()
 2 SYSTEMPATH\CodeIgniter.php(493): CodeIgniter\CodeIgniter->createController()
 3 SYSTEMPATH\CodeIgniter.php(361): CodeIgniter\CodeIgniter->handleRequest(null, Object(Config\Cache), false)
 4 FCPATH\index.php(79): CodeIgniter\CodeIgniter->run()
 5 SYSTEMPATH\Commands\Server\rewrite.php(47): require_once('C:\\Users\\marcl\\xampp\\htdocs\\CVVEN\\public\\index.php')
WARNING - 2024-04-17 09:27:43 --> [DEPRECATED] Creation of dynamic property App\Controllers\Logement::$logementModel is deprecated in APPPATH\Controllers\Logement.php on line 23.
 1 SYSTEMPATH\CodeIgniter.php(913): App\Controllers\Logement->__construct()
 2 SYSTEMPATH\CodeIgniter.php(493): CodeIgniter\CodeIgniter->createController()
 3 SYSTEMPATH\CodeIgniter.php(361): CodeIgniter\CodeIgniter->handleRequest(null, Object(Config\Cache), false)
 4 FCPATH\index.php(79): CodeIgniter\CodeIgniter->run()
 5 SYSTEMPATH\Commands\Server\rewrite.php(47): require_once('C:\\Users\\marcl\\xampp\\htdocs\\CVVEN\\public\\index.php')
WARNING - 2024-04-17 09:27:43 --> [DEPRECATED] Creation of dynamic property App\Controllers\Logement::$logementModel is deprecated in APPPATH\Controllers\Logement.php on line 23.
 1 SYSTEMPATH\CodeIgniter.php(913): App\Controllers\Logement->__construct()
 2 SYSTEMPATH\CodeIgniter.php(493): CodeIgniter\CodeIgniter->createController()
 3 SYSTEMPATH\CodeIgniter.php(361): CodeIgniter\CodeIgniter->handleRequest(null, Object(Config\Cache), false)
 4 FCPATH\index.php(79): CodeIgniter\CodeIgniter->run()
 5 SYSTEMPATH\Commands\Server\rewrite.php(47): require_once('C:\\Users\\marcl\\xampp\\htdocs\\CVVEN\\public\\index.php')
WARNING - 2024-04-17 09:28:59 --> [DEPRECATED] Creation of dynamic property App\Controllers\Logement::$logementModel is deprecated in APPPATH\Controllers\Logement.php on line 23.
 1 SYSTEMPATH\CodeIgniter.php(913): App\Controllers\Logement->__construct()
 2 SYSTEMPATH\CodeIgniter.php(493): CodeIgniter\CodeIgniter->createController()
 3 SYSTEMPATH\CodeIgniter.php(361): CodeIgniter\CodeIgniter->handleRequest(null, Object(Config\Cache), false)
 4 FCPATH\index.php(79): CodeIgniter\CodeIgniter->run()
 5 SYSTEMPATH\Commands\Server\rewrite.php(47): require_once('C:\\Users\\marcl\\xampp\\htdocs\\CVVEN\\public\\index.php')
WARNING - 2024-04-17 09:29:12 --> [DEPRECATED] Creation of dynamic property App\Controllers\Logement::$logementModel is deprecated in APPPATH\Controllers\Logement.php on line 23.
 1 SYSTEMPATH\CodeIgniter.php(913): App\Controllers\Logement->__construct()
 2 SYSTEMPATH\CodeIgniter.php(493): CodeIgniter\CodeIgniter->createController()
 3 SYSTEMPATH\CodeIgniter.php(361): CodeIgniter\CodeIgniter->handleRequest(null, Object(Config\Cache), false)
 4 FCPATH\index.php(79): CodeIgniter\CodeIgniter->run()
 5 SYSTEMPATH\Commands\Server\rewrite.php(47): require_once('C:\\Users\\marcl\\xampp\\htdocs\\CVVEN\\public\\index.php')
WARNING - 2024-04-17 09:39:09 --> [DEPRECATED] Creation of dynamic property App\Controllers\Logement::$logementModel is deprecated in APPPATH\Controllers\Logement.php on line 23.
 1 SYSTEMPATH\CodeIgniter.php(913): App\Controllers\Logement->__construct()
 2 SYSTEMPATH\CodeIgniter.php(493): CodeIgniter\CodeIgniter->createController()
 3 SYSTEMPATH\CodeIgniter.php(361): CodeIgniter\CodeIgniter->handleRequest(null, Object(Config\Cache), false)
 4 FCPATH\index.php(79): CodeIgniter\CodeIgniter->run()
 5 SYSTEMPATH\Commands\Server\rewrite.php(47): require_once('C:\\Users\\marcl\\xampp\\htdocs\\CVVEN\\public\\index.php')
WARNING - 2024-04-17 09:40:45 --> [DEPRECATED] Creation of dynamic property App\Controllers\Logement::$logementModel is deprecated in APPPATH\Controllers\Logement.php on line 23.
 1 SYSTEMPATH\CodeIgniter.php(913): App\Controllers\Logement->__construct()
 2 SYSTEMPATH\CodeIgniter.php(493): CodeIgniter\CodeIgniter->createController()
 3 SYSTEMPATH\CodeIgniter.php(361): CodeIgniter\CodeIgniter->handleRequest(null, Object(Config\Cache), false)
 4 FCPATH\index.php(79): CodeIgniter\CodeIgniter->run()
 5 SYSTEMPATH\Commands\Server\rewrite.php(47): require_once('C:\\Users\\marcl\\xampp\\htdocs\\CVVEN\\public\\index.php')
WARNING - 2024-04-17 09:41:23 --> [DEPRECATED] Creation of dynamic property App\Controllers\Logement::$logementModel is deprecated in APPPATH\Controllers\Logement.php on line 23.
 1 SYSTEMPATH\CodeIgniter.php(913): App\Controllers\Logement->__construct()
 2 SYSTEMPATH\CodeIgniter.php(493): CodeIgniter\CodeIgniter->createController()
 3 SYSTEMPATH\CodeIgniter.php(361): CodeIgniter\CodeIgniter->handleRequest(null, Object(Config\Cache), false)
 4 FCPATH\index.php(79): CodeIgniter\CodeIgniter->run()
 5 SYSTEMPATH\Commands\Server\rewrite.php(47): require_once('C:\\Users\\marcl\\xampp\\htdocs\\CVVEN\\public\\index.php')
WARNING - 2024-04-17 09:44:09 --> [DEPRECATED] Creation of dynamic property App\Controllers\Logement::$logementModel is deprecated in APPPATH\Controllers\Logement.php on line 23.
 1 SYSTEMPATH\CodeIgniter.php(913): App\Controllers\Logement->__construct()
 2 SYSTEMPATH\CodeIgniter.php(493): CodeIgniter\CodeIgniter->createController()
 3 SYSTEMPATH\CodeIgniter.php(361): CodeIgniter\CodeIgniter->handleRequest(null, Object(Config\Cache), false)
 4 FCPATH\index.php(79): CodeIgniter\CodeIgniter->run()
 5 SYSTEMPATH\Commands\Server\rewrite.php(47): require_once('C:\\Users\\marcl\\xampp\\htdocs\\CVVEN\\public\\index.php')
WARNING - 2024-04-17 09:44:20 --> [DEPRECATED] Creation of dynamic property App\Controllers\Logement::$logementModel is deprecated in APPPATH\Controllers\Logement.php on line 23.
 1 SYSTEMPATH\CodeIgniter.php(913): App\Controllers\Logement->__construct()
 2 SYSTEMPATH\CodeIgniter.php(493): CodeIgniter\CodeIgniter->createController()
 3 SYSTEMPATH\CodeIgniter.php(361): CodeIgniter\CodeIgniter->handleRequest(null, Object(Config\Cache), false)
 4 FCPATH\index.php(79): CodeIgniter\CodeIgniter->run()
 5 SYSTEMPATH\Commands\Server\rewrite.php(47): require_once('C:\\Users\\marcl\\xampp\\htdocs\\CVVEN\\public\\index.php')
WARNING - 2024-04-17 09:44:41 --> [DEPRECATED] Creation of dynamic property App\Controllers\Logement::$logementModel is deprecated in APPPATH\Controllers\Logement.php on line 23.
 1 SYSTEMPATH\CodeIgniter.php(913): App\Controllers\Logement->__construct()
 2 SYSTEMPATH\CodeIgniter.php(493): CodeIgniter\CodeIgniter->createController()
 3 SYSTEMPATH\CodeIgniter.php(361): CodeIgniter\CodeIgniter->handleRequest(null, Object(Config\Cache), false)
 4 FCPATH\index.php(79): CodeIgniter\CodeIgniter->run()
 5 SYSTEMPATH\Commands\Server\rewrite.php(47): require_once('C:\\Users\\marcl\\xampp\\htdocs\\CVVEN\\public\\index.php')
WARNING - 2024-04-17 09:45:19 --> [DEPRECATED] Creation of dynamic property App\Controllers\Logement::$logementModel is deprecated in APPPATH\Controllers\Logement.php on line 23.
 1 SYSTEMPATH\CodeIgniter.php(913): App\Controllers\Logement->__construct()
 2 SYSTEMPATH\CodeIgniter.php(493): CodeIgniter\CodeIgniter->createController()
 3 SYSTEMPATH\CodeIgniter.php(361): CodeIgniter\CodeIgniter->handleRequest(null, Object(Config\Cache), false)
 4 FCPATH\index.php(79): CodeIgniter\CodeIgniter->run()
 5 SYSTEMPATH\Commands\Server\rewrite.php(47): require_once('C:\\Users\\marcl\\xampp\\htdocs\\CVVEN\\public\\index.php')
WARNING - 2024-04-17 09:46:07 --> [DEPRECATED] Creation of dynamic property App\Controllers\Logement::$logementModel is deprecated in APPPATH\Controllers\Logement.php on line 23.
 1 SYSTEMPATH\CodeIgniter.php(913): App\Controllers\Logement->__construct()
 2 SYSTEMPATH\CodeIgniter.php(493): CodeIgniter\CodeIgniter->createController()
 3 SYSTEMPATH\CodeIgniter.php(361): CodeIgniter\CodeIgniter->handleRequest(null, Object(Config\Cache), false)
 4 FCPATH\index.php(79): CodeIgniter\CodeIgniter->run()
 5 SYSTEMPATH\Commands\Server\rewrite.php(47): require_once('C:\\Users\\marcl\\xampp\\htdocs\\CVVEN\\public\\index.php')
WARNING - 2024-04-17 09:46:21 --> [DEPRECATED] Creation of dynamic property App\Controllers\Logement::$logementModel is deprecated in APPPATH\Controllers\Logement.php on line 23.
 1 SYSTEMPATH\CodeIgniter.php(913): App\Controllers\Logement->__construct()
 2 SYSTEMPATH\CodeIgniter.php(493): CodeIgniter\CodeIgniter->createController()
 3 SYSTEMPATH\CodeIgniter.php(361): CodeIgniter\CodeIgniter->handleRequest(null, Object(Config\Cache), false)
 4 FCPATH\index.php(79): CodeIgniter\CodeIgniter->run()
 5 SYSTEMPATH\Commands\Server\rewrite.php(47): require_once('C:\\Users\\marcl\\xampp\\htdocs\\CVVEN\\public\\index.php')
WARNING - 2024-04-17 09:46:30 --> [DEPRECATED] Creation of dynamic property App\Controllers\Logement::$logementModel is deprecated in APPPATH\Controllers\Logement.php on line 23.
 1 SYSTEMPATH\CodeIgniter.php(913): App\Controllers\Logement->__construct()
 2 SYSTEMPATH\CodeIgniter.php(493): CodeIgniter\CodeIgniter->createController()
 3 SYSTEMPATH\CodeIgniter.php(361): CodeIgniter\CodeIgniter->handleRequest(null, Object(Config\Cache), false)
 4 FCPATH\index.php(79): CodeIgniter\CodeIgniter->run()
 5 SYSTEMPATH\Commands\Server\rewrite.php(47): require_once('C:\\Users\\marcl\\xampp\\htdocs\\CVVEN\\public\\index.php')
WARNING - 2024-04-17 09:46:33 --> [DEPRECATED] Creation of dynamic property App\Controllers\Logement::$logementModel is deprecated in APPPATH\Controllers\Logement.php on line 23.
 1 SYSTEMPATH\CodeIgniter.php(913): App\Controllers\Logement->__construct()
 2 SYSTEMPATH\CodeIgniter.php(493): CodeIgniter\CodeIgniter->createController()
 3 SYSTEMPATH\CodeIgniter.php(361): CodeIgniter\CodeIgniter->handleRequest(null, Object(Config\Cache), false)
 4 FCPATH\index.php(79): CodeIgniter\CodeIgniter->run()
 5 SYSTEMPATH\Commands\Server\rewrite.php(47): require_once('C:\\Users\\marcl\\xampp\\htdocs\\CVVEN\\public\\index.php')
WARNING - 2024-04-17 09:46:59 --> [DEPRECATED] Creation of dynamic property App\Controllers\Logement::$logementModel is deprecated in APPPATH\Controllers\Logement.php on line 23.
 1 SYSTEMPATH\CodeIgniter.php(913): App\Controllers\Logement->__construct()
 2 SYSTEMPATH\CodeIgniter.php(493): CodeIgniter\CodeIgniter->createController()
 3 SYSTEMPATH\CodeIgniter.php(361): CodeIgniter\CodeIgniter->handleRequest(null, Object(Config\Cache), false)
 4 FCPATH\index.php(79): CodeIgniter\CodeIgniter->run()
 5 SYSTEMPATH\Commands\Server\rewrite.php(47): require_once('C:\\Users\\marcl\\xampp\\htdocs\\CVVEN\\public\\index.php')
WARNING - 2024-04-17 09:47:03 --> [DEPRECATED] Creation of dynamic property App\Controllers\Logement::$logementModel is deprecated in APPPATH\Controllers\Logement.php on line 23.
 1 SYSTEMPATH\CodeIgniter.php(913): App\Controllers\Logement->__construct()
 2 SYSTEMPATH\CodeIgniter.php(493): CodeIgniter\CodeIgniter->createController()
 3 SYSTEMPATH\CodeIgniter.php(361): CodeIgniter\CodeIgniter->handleRequest(null, Object(Config\Cache), false)
 4 FCPATH\index.php(79): CodeIgniter\CodeIgniter->run()
 5 SYSTEMPATH\Commands\Server\rewrite.php(47): require_once('C:\\Users\\marcl\\xampp\\htdocs\\CVVEN\\public\\index.php')
WARNING - 2024-04-17 09:47:11 --> [DEPRECATED] Creation of dynamic property App\Controllers\Logement::$logementModel is deprecated in APPPATH\Controllers\Logement.php on line 23.
 1 SYSTEMPATH\CodeIgniter.php(913): App\Controllers\Logement->__construct()
 2 SYSTEMPATH\CodeIgniter.php(493): CodeIgniter\CodeIgniter->createController()
 3 SYSTEMPATH\CodeIgniter.php(361): CodeIgniter\CodeIgniter->handleRequest(null, Object(Config\Cache), false)
 4 FCPATH\index.php(79): CodeIgniter\CodeIgniter->run()
 5 SYSTEMPATH\Commands\Server\rewrite.php(47): require_once('C:\\Users\\marcl\\xampp\\htdocs\\CVVEN\\public\\index.php')
WARNING - 2024-04-17 09:47:12 --> [DEPRECATED] Creation of dynamic property App\Controllers\Logement::$logementModel is deprecated in APPPATH\Controllers\Logement.php on line 23.
 1 SYSTEMPATH\CodeIgniter.php(913): App\Controllers\Logement->__construct()
 2 SYSTEMPATH\CodeIgniter.php(493): CodeIgniter\CodeIgniter->createController()
 3 SYSTEMPATH\CodeIgniter.php(361): CodeIgniter\CodeIgniter->handleRequest(null, Object(Config\Cache), false)
 4 FCPATH\index.php(79): CodeIgniter\CodeIgniter->run()
 5 SYSTEMPATH\Commands\Server\rewrite.php(47): require_once('C:\\Users\\marcl\\xampp\\htdocs\\CVVEN\\public\\index.php')
WARNING - 2024-04-17 09:47:13 --> [DEPRECATED] Creation of dynamic property App\Controllers\Logement::$logementModel is deprecated in APPPATH\Controllers\Logement.php on line 23.
 1 SYSTEMPATH\CodeIgniter.php(913): App\Controllers\Logement->__construct()
 2 SYSTEMPATH\CodeIgniter.php(493): CodeIgniter\CodeIgniter->createController()
 3 SYSTEMPATH\CodeIgniter.php(361): CodeIgniter\CodeIgniter->handleRequest(null, Object(Config\Cache), false)
 4 FCPATH\index.php(79): CodeIgniter\CodeIgniter->run()
 5 SYSTEMPATH\Commands\Server\rewrite.php(47): require_once('C:\\Users\\marcl\\xampp\\htdocs\\CVVEN\\public\\index.php')
WARNING - 2024-04-17 09:47:13 --> [DEPRECATED] Creation of dynamic property App\Controllers\Logement::$logementModel is deprecated in APPPATH\Controllers\Logement.php on line 23.
 1 SYSTEMPATH\CodeIgniter.php(913): App\Controllers\Logement->__construct()
 2 SYSTEMPATH\CodeIgniter.php(493): CodeIgniter\CodeIgniter->createController()
 3 SYSTEMPATH\CodeIgniter.php(361): CodeIgniter\CodeIgniter->handleRequest(null, Object(Config\Cache), false)
 4 FCPATH\index.php(79): CodeIgniter\CodeIgniter->run()
 5 SYSTEMPATH\Commands\Server\rewrite.php(47): require_once('C:\\Users\\marcl\\xampp\\htdocs\\CVVEN\\public\\index.php')
WARNING - 2024-04-17 09:47:15 --> [DEPRECATED] Creation of dynamic property App\Controllers\Logement::$logementModel is deprecated in APPPATH\Controllers\Logement.php on line 23.
 1 SYSTEMPATH\CodeIgniter.php(913): App\Controllers\Logement->__construct()
 2 SYSTEMPATH\CodeIgniter.php(493): CodeIgniter\CodeIgniter->createController()
 3 SYSTEMPATH\CodeIgniter.php(361): CodeIgniter\CodeIgniter->handleRequest(null, Object(Config\Cache), false)
 4 FCPATH\index.php(79): CodeIgniter\CodeIgniter->run()
 5 SYSTEMPATH\Commands\Server\rewrite.php(47): require_once('C:\\Users\\marcl\\xampp\\htdocs\\CVVEN\\public\\index.php')
WARNING - 2024-04-17 09:47:15 --> [DEPRECATED] Creation of dynamic property App\Controllers\Logement::$logementModel is deprecated in APPPATH\Controllers\Logement.php on line 23.
 1 SYSTEMPATH\CodeIgniter.php(913): App\Controllers\Logement->__construct()
 2 SYSTEMPATH\CodeIgniter.php(493): CodeIgniter\CodeIgniter->createController()
 3 SYSTEMPATH\CodeIgniter.php(361): CodeIgniter\CodeIgniter->handleRequest(null, Object(Config\Cache), false)
 4 FCPATH\index.php(79): CodeIgniter\CodeIgniter->run()
 5 SYSTEMPATH\Commands\Server\rewrite.php(47): require_once('C:\\Users\\marcl\\xampp\\htdocs\\CVVEN\\public\\index.php')
WARNING - 2024-04-17 09:47:16 --> [DEPRECATED] Creation of dynamic property App\Controllers\Logement::$logementModel is deprecated in APPPATH\Controllers\Logement.php on line 23.
 1 SYSTEMPATH\CodeIgniter.php(913): App\Controllers\Logement->__construct()
 2 SYSTEMPATH\CodeIgniter.php(493): CodeIgniter\CodeIgniter->createController()
 3 SYSTEMPATH\CodeIgniter.php(361): CodeIgniter\CodeIgniter->handleRequest(null, Object(Config\Cache), false)
 4 FCPATH\index.php(79): CodeIgniter\CodeIgniter->run()
 5 SYSTEMPATH\Commands\Server\rewrite.php(47): require_once('C:\\Users\\marcl\\xampp\\htdocs\\CVVEN\\public\\index.php')
WARNING - 2024-04-17 09:47:16 --> [DEPRECATED] Creation of dynamic property App\Controllers\Logement::$logementModel is deprecated in APPPATH\Controllers\Logement.php on line 23.
 1 SYSTEMPATH\CodeIgniter.php(913): App\Controllers\Logement->__construct()
 2 SYSTEMPATH\CodeIgniter.php(493): CodeIgniter\CodeIgniter->createController()
 3 SYSTEMPATH\CodeIgniter.php(361): CodeIgniter\CodeIgniter->handleRequest(null, Object(Config\Cache), false)
 4 FCPATH\index.php(79): CodeIgniter\CodeIgniter->run()
 5 SYSTEMPATH\Commands\Server\rewrite.php(47): require_once('C:\\Users\\marcl\\xampp\\htdocs\\CVVEN\\public\\index.php')
WARNING - 2024-04-17 09:47:22 --> [DEPRECATED] Creation of dynamic property App\Controllers\Logement::$logementModel is deprecated in APPPATH\Controllers\Logement.php on line 23.
 1 SYSTEMPATH\CodeIgniter.php(913): App\Controllers\Logement->__construct()
 2 SYSTEMPATH\CodeIgniter.php(493): CodeIgniter\CodeIgniter->createController()
 3 SYSTEMPATH\CodeIgniter.php(361): CodeIgniter\CodeIgniter->handleRequest(null, Object(Config\Cache), false)
 4 FCPATH\index.php(79): CodeIgniter\CodeIgniter->run()
 5 SYSTEMPATH\Commands\Server\rewrite.php(47): require_once('C:\\Users\\marcl\\xampp\\htdocs\\CVVEN\\public\\index.php')
WARNING - 2024-04-17 09:47:30 --> [DEPRECATED] Creation of dynamic property App\Controllers\Logement::$logementModel is deprecated in APPPATH\Controllers\Logement.php on line 23.
 1 SYSTEMPATH\CodeIgniter.php(913): App\Controllers\Logement->__construct()
 2 SYSTEMPATH\CodeIgniter.php(493): CodeIgniter\CodeIgniter->createController()
 3 SYSTEMPATH\CodeIgniter.php(361): CodeIgniter\CodeIgniter->handleRequest(null, Object(Config\Cache), false)
 4 FCPATH\index.php(79): CodeIgniter\CodeIgniter->run()
 5 SYSTEMPATH\Commands\Server\rewrite.php(47): require_once('C:\\Users\\marcl\\xampp\\htdocs\\CVVEN\\public\\index.php')
WARNING - 2024-04-17 09:47:40 --> [DEPRECATED] Creation of dynamic property App\Controllers\Logement::$logementModel is deprecated in APPPATH\Controllers\Logement.php on line 23.
 1 SYSTEMPATH\CodeIgniter.php(913): App\Controllers\Logement->__construct()
 2 SYSTEMPATH\CodeIgniter.php(493): CodeIgniter\CodeIgniter->createController()
 3 SYSTEMPATH\CodeIgniter.php(361): CodeIgniter\CodeIgniter->handleRequest(null, Object(Config\Cache), false)
 4 FCPATH\index.php(79): CodeIgniter\CodeIgniter->run()
 5 SYSTEMPATH\Commands\Server\rewrite.php(47): require_once('C:\\Users\\marcl\\xampp\\htdocs\\CVVEN\\public\\index.php')
WARNING - 2024-04-17 09:47:57 --> [DEPRECATED] Creation of dynamic property App\Controllers\Logement::$logementModel is deprecated in APPPATH\Controllers\Logement.php on line 23.
 1 SYSTEMPATH\CodeIgniter.php(913): App\Controllers\Logement->__construct()
 2 SYSTEMPATH\CodeIgniter.php(493): CodeIgniter\CodeIgniter->createController()
 3 SYSTEMPATH\CodeIgniter.php(361): CodeIgniter\CodeIgniter->handleRequest(null, Object(Config\Cache), false)
 4 FCPATH\index.php(79): CodeIgniter\CodeIgniter->run()
 5 SYSTEMPATH\Commands\Server\rewrite.php(47): require_once('C:\\Users\\marcl\\xampp\\htdocs\\CVVEN\\public\\index.php')
WARNING - 2024-04-17 09:48:00 --> [DEPRECATED] Creation of dynamic property App\Controllers\Logement::$logementModel is deprecated in APPPATH\Controllers\Logement.php on line 23.
 1 SYSTEMPATH\CodeIgniter.php(913): App\Controllers\Logement->__construct()
 2 SYSTEMPATH\CodeIgniter.php(493): CodeIgniter\CodeIgniter->createController()
 3 SYSTEMPATH\CodeIgniter.php(361): CodeIgniter\CodeIgniter->handleRequest(null, Object(Config\Cache), false)
 4 FCPATH\index.php(79): CodeIgniter\CodeIgniter->run()
 5 SYSTEMPATH\Commands\Server\rewrite.php(47): require_once('C:\\Users\\marcl\\xampp\\htdocs\\CVVEN\\public\\index.php')
WARNING - 2024-04-17 10:08:31 --> [DEPRECATED] Creation of dynamic property App\Controllers\Logement::$logementModel is deprecated in APPPATH\Controllers\Logement.php on line 23.
 1 SYSTEMPATH\CodeIgniter.php(913): App\Controllers\Logement->__construct()
 2 SYSTEMPATH\CodeIgniter.php(493): CodeIgniter\CodeIgniter->createController()
 3 SYSTEMPATH\CodeIgniter.php(361): CodeIgniter\CodeIgniter->handleRequest(null, Object(Config\Cache), false)
 4 FCPATH\index.php(79): CodeIgniter\CodeIgniter->run()
 5 SYSTEMPATH\Commands\Server\rewrite.php(47): require_once('C:\\Users\\marcl\\xampp\\htdocs\\CVVEN\\public\\index.php')
WARNING - 2024-04-17 10:08:46 --> [DEPRECATED] Creation of dynamic property App\Controllers\Logement::$logementModel is deprecated in APPPATH\Controllers\Logement.php on line 23.
 1 SYSTEMPATH\CodeIgniter.php(913): App\Controllers\Logement->__construct()
 2 SYSTEMPATH\CodeIgniter.php(493): CodeIgniter\CodeIgniter->createController()
 3 SYSTEMPATH\CodeIgniter.php(361): CodeIgniter\CodeIgniter->handleRequest(null, Object(Config\Cache), false)
 4 FCPATH\index.php(79): CodeIgniter\CodeIgniter->run()
 5 SYSTEMPATH\Commands\Server\rewrite.php(47): require_once('C:\\Users\\marcl\\xampp\\htdocs\\CVVEN\\public\\index.php')
WARNING - 2024-04-17 10:12:56 --> [DEPRECATED] Creation of dynamic property App\Controllers\Logement::$logementModel is deprecated in APPPATH\Controllers\Logement.php on line 23.
 1 SYSTEMPATH\CodeIgniter.php(913): App\Controllers\Logement->__construct()
 2 SYSTEMPATH\CodeIgniter.php(493): CodeIgniter\CodeIgniter->createController()
 3 SYSTEMPATH\CodeIgniter.php(361): CodeIgniter\CodeIgniter->handleRequest(null, Object(Config\Cache), false)
 4 FCPATH\index.php(79): CodeIgniter\CodeIgniter->run()
 5 SYSTEMPATH\Commands\Server\rewrite.php(47): require_once('C:\\Users\\marcl\\xampp\\htdocs\\CVVEN\\public\\index.php')
WARNING - 2024-04-17 10:13:10 --> [DEPRECATED] Creation of dynamic property App\Controllers\Logement::$logementModel is deprecated in APPPATH\Controllers\Logement.php on line 23.
 1 SYSTEMPATH\CodeIgniter.php(913): App\Controllers\Logement->__construct()
 2 SYSTEMPATH\CodeIgniter.php(493): CodeIgniter\CodeIgniter->createController()
 3 SYSTEMPATH\CodeIgniter.php(361): CodeIgniter\CodeIgniter->handleRequest(null, Object(Config\Cache), false)
 4 FCPATH\index.php(79): CodeIgniter\CodeIgniter->run()
 5 SYSTEMPATH\Commands\Server\rewrite.php(47): require_once('C:\\Users\\marcl\\xampp\\htdocs\\CVVEN\\public\\index.php')
WARNING - 2024-04-17 10:13:12 --> [DEPRECATED] Creation of dynamic property App\Controllers\Logement::$logementModel is deprecated in APPPATH\Controllers\Logement.php on line 23.
 1 SYSTEMPATH\CodeIgniter.php(913): App\Controllers\Logement->__construct()
 2 SYSTEMPATH\CodeIgniter.php(493): CodeIgniter\CodeIgniter->createController()
 3 SYSTEMPATH\CodeIgniter.php(361): CodeIgniter\CodeIgniter->handleRequest(null, Object(Config\Cache), false)
 4 FCPATH\index.php(79): CodeIgniter\CodeIgniter->run()
 5 SYSTEMPATH\Commands\Server\rewrite.php(47): require_once('C:\\Users\\marcl\\xampp\\htdocs\\CVVEN\\public\\index.php')
WARNING - 2024-04-17 10:14:15 --> [DEPRECATED] Creation of dynamic property App\Controllers\Logement::$logementModel is deprecated in APPPATH\Controllers\Logement.php on line 23.
 1 SYSTEMPATH\CodeIgniter.php(913): App\Controllers\Logement->__construct()
 2 SYSTEMPATH\CodeIgniter.php(493): CodeIgniter\CodeIgniter->createController()
 3 SYSTEMPATH\CodeIgniter.php(361): CodeIgniter\CodeIgniter->handleRequest(null, Object(Config\Cache), false)
 4 FCPATH\index.php(79): CodeIgniter\CodeIgniter->run()
 5 SYSTEMPATH\Commands\Server\rewrite.php(47): require_once('C:\\Users\\marcl\\xampp\\htdocs\\CVVEN\\public\\index.php')
WARNING - 2024-04-17 10:14:22 --> [DEPRECATED] Creation of dynamic property App\Controllers\Logement::$logementModel is deprecated in APPPATH\Controllers\Logement.php on line 23.
 1 SYSTEMPATH\CodeIgniter.php(913): App\Controllers\Logement->__construct()
 2 SYSTEMPATH\CodeIgniter.php(493): CodeIgniter\CodeIgniter->createController()
 3 SYSTEMPATH\CodeIgniter.php(361): CodeIgniter\CodeIgniter->handleRequest(null, Object(Config\Cache), false)
 4 FCPATH\index.php(79): CodeIgniter\CodeIgniter->run()
 5 SYSTEMPATH\Commands\Server\rewrite.php(47): require_once('C:\\Users\\marcl\\xampp\\htdocs\\CVVEN\\public\\index.php')
WARNING - 2024-04-17 10:14:23 --> [DEPRECATED] Creation of dynamic property App\Controllers\Logement::$logementModel is deprecated in APPPATH\Controllers\Logement.php on line 23.
 1 SYSTEMPATH\CodeIgniter.php(913): App\Controllers\Logement->__construct()
 2 SYSTEMPATH\CodeIgniter.php(493): CodeIgniter\CodeIgniter->createController()
 3 SYSTEMPATH\CodeIgniter.php(361): CodeIgniter\CodeIgniter->handleRequest(null, Object(Config\Cache), false)
 4 FCPATH\index.php(79): CodeIgniter\CodeIgniter->run()
 5 SYSTEMPATH\Commands\Server\rewrite.php(47): require_once('C:\\Users\\marcl\\xampp\\htdocs\\CVVEN\\public\\index.php')
WARNING - 2024-04-17 10:14:28 --> [DEPRECATED] Creation of dynamic property App\Controllers\Logement::$logementModel is deprecated in APPPATH\Controllers\Logement.php on line 23.
 1 SYSTEMPATH\CodeIgniter.php(913): App\Controllers\Logement->__construct()
 2 SYSTEMPATH\CodeIgniter.php(493): CodeIgniter\CodeIgniter->createController()
 3 SYSTEMPATH\CodeIgniter.php(361): CodeIgniter\CodeIgniter->handleRequest(null, Object(Config\Cache), false)
 4 FCPATH\index.php(79): CodeIgniter\CodeIgniter->run()
 5 SYSTEMPATH\Commands\Server\rewrite.php(47): require_once('C:\\Users\\marcl\\xampp\\htdocs\\CVVEN\\public\\index.php')
WARNING - 2024-04-17 10:16:37 --> [DEPRECATED] Creation of dynamic property App\Controllers\Logement::$logementModel is deprecated in APPPATH\Controllers\Logement.php on line 23.
 1 SYSTEMPATH\CodeIgniter.php(913): App\Controllers\Logement->__construct()
 2 SYSTEMPATH\CodeIgniter.php(493): CodeIgniter\CodeIgniter->createController()
 3 SYSTEMPATH\CodeIgniter.php(361): CodeIgniter\CodeIgniter->handleRequest(null, Object(Config\Cache), false)
 4 FCPATH\index.php(79): CodeIgniter\CodeIgniter->run()
 5 SYSTEMPATH\Commands\Server\rewrite.php(47): require_once('C:\\Users\\marcl\\xampp\\htdocs\\CVVEN\\public\\index.php')
WARNING - 2024-04-17 10:16:45 --> [DEPRECATED] Creation of dynamic property App\Controllers\Logement::$logementModel is deprecated in APPPATH\Controllers\Logement.php on line 23.
 1 SYSTEMPATH\CodeIgniter.php(913): App\Controllers\Logement->__construct()
 2 SYSTEMPATH\CodeIgniter.php(493): CodeIgniter\CodeIgniter->createController()
 3 SYSTEMPATH\CodeIgniter.php(361): CodeIgniter\CodeIgniter->handleRequest(null, Object(Config\Cache), false)
 4 FCPATH\index.php(79): CodeIgniter\CodeIgniter->run()
 5 SYSTEMPATH\Commands\Server\rewrite.php(47): require_once('C:\\Users\\marcl\\xampp\\htdocs\\CVVEN\\public\\index.php')
WARNING - 2024-04-17 10:21:51 --> [DEPRECATED] Creation of dynamic property App\Controllers\Logement::$logementModel is deprecated in APPPATH\Controllers\Logement.php on line 23.
 1 SYSTEMPATH\CodeIgniter.php(913): App\Controllers\Logement->__construct()
 2 SYSTEMPATH\CodeIgniter.php(493): CodeIgniter\CodeIgniter->createController()
 3 SYSTEMPATH\CodeIgniter.php(361): CodeIgniter\CodeIgniter->handleRequest(null, Object(Config\Cache), false)
 4 FCPATH\index.php(79): CodeIgniter\CodeIgniter->run()
 5 SYSTEMPATH\Commands\Server\rewrite.php(47): require_once('C:\\Users\\marcl\\xampp\\htdocs\\CVVEN\\public\\index.php')
WARNING - 2024-04-17 10:21:52 --> [DEPRECATED] Creation of dynamic property App\Controllers\Logement::$logementModel is deprecated in APPPATH\Controllers\Logement.php on line 23.
 1 SYSTEMPATH\CodeIgniter.php(913): App\Controllers\Logement->__construct()
 2 SYSTEMPATH\CodeIgniter.php(493): CodeIgniter\CodeIgniter->createController()
 3 SYSTEMPATH\CodeIgniter.php(361): CodeIgniter\CodeIgniter->handleRequest(null, Object(Config\Cache), false)
 4 FCPATH\index.php(79): CodeIgniter\CodeIgniter->run()
 5 SYSTEMPATH\Commands\Server\rewrite.php(47): require_once('C:\\Users\\marcl\\xampp\\htdocs\\CVVEN\\public\\index.php')
WARNING - 2024-04-17 10:21:57 --> [DEPRECATED] Creation of dynamic property App\Controllers\Logement::$logementModel is deprecated in APPPATH\Controllers\Logement.php on line 23.
 1 SYSTEMPATH\CodeIgniter.php(913): App\Controllers\Logement->__construct()
 2 SYSTEMPATH\CodeIgniter.php(493): CodeIgniter\CodeIgniter->createController()
 3 SYSTEMPATH\CodeIgniter.php(361): CodeIgniter\CodeIgniter->handleRequest(null, Object(Config\Cache), false)
 4 FCPATH\index.php(79): CodeIgniter\CodeIgniter->run()
 5 SYSTEMPATH\Commands\Server\rewrite.php(47): require_once('C:\\Users\\marcl\\xampp\\htdocs\\CVVEN\\public\\index.php')
WARNING - 2024-04-17 10:22:15 --> [DEPRECATED] Creation of dynamic property App\Controllers\Logement::$logementModel is deprecated in APPPATH\Controllers\Logement.php on line 23.
 1 SYSTEMPATH\CodeIgniter.php(913): App\Controllers\Logement->__construct()
 2 SYSTEMPATH\CodeIgniter.php(493): CodeIgniter\CodeIgniter->createController()
 3 SYSTEMPATH\CodeIgniter.php(361): CodeIgniter\CodeIgniter->handleRequest(null, Object(Config\Cache), false)
 4 FCPATH\index.php(79): CodeIgniter\CodeIgniter->run()
 5 SYSTEMPATH\Commands\Server\rewrite.php(47): require_once('C:\\Users\\marcl\\xampp\\htdocs\\CVVEN\\public\\index.php')
WARNING - 2024-04-17 10:22:18 --> [DEPRECATED] Creation of dynamic property App\Controllers\Logement::$logementModel is deprecated in APPPATH\Controllers\Logement.php on line 23.
 1 SYSTEMPATH\CodeIgniter.php(913): App\Controllers\Logement->__construct()
 2 SYSTEMPATH\CodeIgniter.php(493): CodeIgniter\CodeIgniter->createController()
 3 SYSTEMPATH\CodeIgniter.php(361): CodeIgniter\CodeIgniter->handleRequest(null, Object(Config\Cache), false)
 4 FCPATH\index.php(79): CodeIgniter\CodeIgniter->run()
 5 SYSTEMPATH\Commands\Server\rewrite.php(47): require_once('C:\\Users\\marcl\\xampp\\htdocs\\CVVEN\\public\\index.php')
WARNING - 2024-04-17 10:22:19 --> [DEPRECATED] Creation of dynamic property App\Controllers\Logement::$logementModel is deprecated in APPPATH\Controllers\Logement.php on line 23.
 1 SYSTEMPATH\CodeIgniter.php(913): App\Controllers\Logement->__construct()
 2 SYSTEMPATH\CodeIgniter.php(493): CodeIgniter\CodeIgniter->createController()
 3 SYSTEMPATH\CodeIgniter.php(361): CodeIgniter\CodeIgniter->handleRequest(null, Object(Config\Cache), false)
 4 FCPATH\index.php(79): CodeIgniter\CodeIgniter->run()
 5 SYSTEMPATH\Commands\Server\rewrite.php(47): require_once('C:\\Users\\marcl\\xampp\\htdocs\\CVVEN\\public\\index.php')
WARNING - 2024-04-17 10:22:20 --> [DEPRECATED] Creation of dynamic property App\Controllers\Logement::$logementModel is deprecated in APPPATH\Controllers\Logement.php on line 23.
 1 SYSTEMPATH\CodeIgniter.php(913): App\Controllers\Logement->__construct()
 2 SYSTEMPATH\CodeIgniter.php(493): CodeIgniter\CodeIgniter->createController()
 3 SYSTEMPATH\CodeIgniter.php(361): CodeIgniter\CodeIgniter->handleRequest(null, Object(Config\Cache), false)
 4 FCPATH\index.php(79): CodeIgniter\CodeIgniter->run()
 5 SYSTEMPATH\Commands\Server\rewrite.php(47): require_once('C:\\Users\\marcl\\xampp\\htdocs\\CVVEN\\public\\index.php')
WARNING - 2024-04-17 10:22:21 --> [DEPRECATED] Creation of dynamic property App\Controllers\Logement::$logementModel is deprecated in APPPATH\Controllers\Logement.php on line 23.
 1 SYSTEMPATH\CodeIgniter.php(913): App\Controllers\Logement->__construct()
 2 SYSTEMPATH\CodeIgniter.php(493): CodeIgniter\CodeIgniter->createController()
 3 SYSTEMPATH\CodeIgniter.php(361): CodeIgniter\CodeIgniter->handleRequest(null, Object(Config\Cache), false)
 4 FCPATH\index.php(79): CodeIgniter\CodeIgniter->run()
 5 SYSTEMPATH\Commands\Server\rewrite.php(47): require_once('C:\\Users\\marcl\\xampp\\htdocs\\CVVEN\\public\\index.php')
WARNING - 2024-04-17 10:22:21 --> [DEPRECATED] Creation of dynamic property App\Controllers\Logement::$logementModel is deprecated in APPPATH\Controllers\Logement.php on line 23.
 1 SYSTEMPATH\CodeIgniter.php(913): App\Controllers\Logement->__construct()
 2 SYSTEMPATH\CodeIgniter.php(493): CodeIgniter\CodeIgniter->createController()
 3 SYSTEMPATH\CodeIgniter.php(361): CodeIgniter\CodeIgniter->handleRequest(null, Object(Config\Cache), false)
 4 FCPATH\index.php(79): CodeIgniter\CodeIgniter->run()
 5 SYSTEMPATH\Commands\Server\rewrite.php(47): require_once('C:\\Users\\marcl\\xampp\\htdocs\\CVVEN\\public\\index.php')
WARNING - 2024-04-17 10:22:24 --> [DEPRECATED] Creation of dynamic property App\Controllers\Logement::$logementModel is deprecated in APPPATH\Controllers\Logement.php on line 23.
 1 SYSTEMPATH\CodeIgniter.php(913): App\Controllers\Logement->__construct()
 2 SYSTEMPATH\CodeIgniter.php(493): CodeIgniter\CodeIgniter->createController()
 3 SYSTEMPATH\CodeIgniter.php(361): CodeIgniter\CodeIgniter->handleRequest(null, Object(Config\Cache), false)
 4 FCPATH\index.php(79): CodeIgniter\CodeIgniter->run()
 5 SYSTEMPATH\Commands\Server\rewrite.php(47): require_once('C:\\Users\\marcl\\xampp\\htdocs\\CVVEN\\public\\index.php')
WARNING - 2024-04-17 10:22:26 --> [DEPRECATED] Creation of dynamic property App\Controllers\Logement::$logementModel is deprecated in APPPATH\Controllers\Logement.php on line 23.
 1 SYSTEMPATH\CodeIgniter.php(913): App\Controllers\Logement->__construct()
 2 SYSTEMPATH\CodeIgniter.php(493): CodeIgniter\CodeIgniter->createController()
 3 SYSTEMPATH\CodeIgniter.php(361): CodeIgniter\CodeIgniter->handleRequest(null, Object(Config\Cache), false)
 4 FCPATH\index.php(79): CodeIgniter\CodeIgniter->run()
 5 SYSTEMPATH\Commands\Server\rewrite.php(47): require_once('C:\\Users\\marcl\\xampp\\htdocs\\CVVEN\\public\\index.php')
WARNING - 2024-04-17 10:27:26 --> [DEPRECATED] Creation of dynamic property App\Controllers\Logement::$logementModel is deprecated in APPPATH\Controllers\Logement.php on line 23.
 1 SYSTEMPATH\CodeIgniter.php(913): App\Controllers\Logement->__construct()
 2 SYSTEMPATH\CodeIgniter.php(493): CodeIgniter\CodeIgniter->createController()
 3 SYSTEMPATH\CodeIgniter.php(361): CodeIgniter\CodeIgniter->handleRequest(null, Object(Config\Cache), false)
 4 FCPATH\index.php(79): CodeIgniter\CodeIgniter->run()
 5 SYSTEMPATH\Commands\Server\rewrite.php(47): require_once('C:\\Users\\marcl\\xampp\\htdocs\\CVVEN\\public\\index.php')
WARNING - 2024-04-17 10:38:40 --> [DEPRECATED] Creation of dynamic property App\Controllers\Logement::$logementModel is deprecated in APPPATH\Controllers\Logement.php on line 23.
 1 SYSTEMPATH\CodeIgniter.php(913): App\Controllers\Logement->__construct()
 2 SYSTEMPATH\CodeIgniter.php(493): CodeIgniter\CodeIgniter->createController()
 3 SYSTEMPATH\CodeIgniter.php(361): CodeIgniter\CodeIgniter->handleRequest(null, Object(Config\Cache), false)
 4 FCPATH\index.php(79): CodeIgniter\CodeIgniter->run()
 5 SYSTEMPATH\Commands\Server\rewrite.php(47): require_once('C:\\Users\\marcl\\xampp\\htdocs\\CVVEN\\public\\index.php')
WARNING - 2024-04-17 10:38:43 --> [DEPRECATED] Creation of dynamic property App\Controllers\Logement::$logementModel is deprecated in APPPATH\Controllers\Logement.php on line 23.
 1 SYSTEMPATH\CodeIgniter.php(913): App\Controllers\Logement->__construct()
 2 SYSTEMPATH\CodeIgniter.php(493): CodeIgniter\CodeIgniter->createController()
 3 SYSTEMPATH\CodeIgniter.php(361): CodeIgniter\CodeIgniter->handleRequest(null, Object(Config\Cache), false)
 4 FCPATH\index.php(79): CodeIgniter\CodeIgniter->run()
 5 SYSTEMPATH\Commands\Server\rewrite.php(47): require_once('C:\\Users\\marcl\\xampp\\htdocs\\CVVEN\\public\\index.php')
