WARNING - 2024-04-16 08:55:02 --> [DEPRECATED] Creation of dynamic property App\Controllers\Logement::$logementModel is deprecated in APPPATH\Controllers\Logement.php on line 23.
 1 SYSTEMPATH\CodeIgniter.php(913): App\Controllers\Logement->__construct()
 2 SYSTEMPATH\CodeIgniter.php(493): CodeIgniter\CodeIgniter->createController()
 3 SYSTEMPATH\CodeIgniter.php(361): CodeIgniter\CodeIgniter->handleRequest(null, Object(Config\Cache), false)
 4 FCPATH\index.php(79): CodeIgniter\CodeIgniter->run()
 5 SYSTEMPATH\Commands\Server\rewrite.php(47): require_once('C:\\Users\\marcl\\xampp\\htdocs\\CVVEN\\public\\index.php')
WARNING - 2024-04-16 08:55:07 --> [DEPRECATED] Creation of dynamic property App\Controllers\Logement::$logementModel is deprecated in APPPATH\Controllers\Logement.php on line 23.
 1 SYSTEMPATH\CodeIgniter.php(913): App\Controllers\Logement->__construct()
 2 SYSTEMPATH\CodeIgniter.php(493): CodeIgniter\CodeIgniter->createController()
 3 SYSTEMPATH\CodeIgniter.php(361): CodeIgniter\CodeIgniter->handleRequest(null, Object(Config\Cache), false)
 4 FCPATH\index.php(79): CodeIgniter\CodeIgniter->run()
 5 SYSTEMPATH\Commands\Server\rewrite.php(47): require_once('C:\\Users\\marcl\\xampp\\htdocs\\CVVEN\\public\\index.php')
CRITICAL - 2024-04-16 08:55:07 --> ErrorException: Undefined variable $nbr_logement_type1
in APPPATH\Views\pages\logement.php on line 12.
 1 APPPATH\Views\pages\logement.php(12): CodeIgniter\Debug\Exceptions->errorHandler(2, 'Undefined variable $nbr_logement_type1', 'C:\\Users\\marcl\\xampp\\htdocs\\CVVEN\\app\\Views\\pages\\logement.php', 12)
 2 SYSTEMPATH\View\View.php(228): include('C:\\Users\\marcl\\xampp\\htdocs\\CVVEN\\app\\Views\\pages\\logement.php')
 3 SYSTEMPATH\View\View.php(231): CodeIgniter\View\View->CodeIgniter\View\{closure}()
 4 SYSTEMPATH\Common.php(1178): CodeIgniter\View\View->render('pages/logement', [], true)
 5 APPPATH\Controllers\Logement.php(30): view('pages/logement', [...])
 6 SYSTEMPATH\CodeIgniter.php(941): App\Controllers\Logement->view()
 7 SYSTEMPATH\CodeIgniter.php(502): CodeIgniter\CodeIgniter->runController(Object(App\Controllers\Logement))
 8 SYSTEMPATH\CodeIgniter.php(361): CodeIgniter\CodeIgniter->handleRequest(null, Object(Config\Cache), false)
 9 FCPATH\index.php(79): CodeIgniter\CodeIgniter->run()
10 SYSTEMPATH\Commands\Server\rewrite.php(47): require_once('C:\\Users\\marcl\\xampp\\htdocs\\CVVEN\\public\\index.php')
WARNING - 2024-04-16 08:58:30 --> [DEPRECATED] Creation of dynamic property App\Controllers\Logement::$logementModel is deprecated in APPPATH\Controllers\Logement.php on line 23.
 1 SYSTEMPATH\CodeIgniter.php(913): App\Controllers\Logement->__construct()
 2 SYSTEMPATH\CodeIgniter.php(493): CodeIgniter\CodeIgniter->createController()
 3 SYSTEMPATH\CodeIgniter.php(361): CodeIgniter\CodeIgniter->handleRequest(null, Object(Config\Cache), false)
 4 FCPATH\index.php(79): CodeIgniter\CodeIgniter->run()
 5 SYSTEMPATH\Commands\Server\rewrite.php(47): require_once('C:\\Users\\marcl\\xampp\\htdocs\\CVVEN\\public\\index.php')
CRITICAL - 2024-04-16 08:58:30 --> ErrorException: Undefined variable $nbr_logement_type2
in APPPATH\Views\pages\logement.php on line 24.
 1 APPPATH\Views\pages\logement.php(24): CodeIgniter\Debug\Exceptions->errorHandler(2, 'Undefined variable $nbr_logement_type2', 'C:\\Users\\marcl\\xampp\\htdocs\\CVVEN\\app\\Views\\pages\\logement.php', 24)
 2 SYSTEMPATH\View\View.php(228): include('C:\\Users\\marcl\\xampp\\htdocs\\CVVEN\\app\\Views\\pages\\logement.php')
 3 SYSTEMPATH\View\View.php(231): CodeIgniter\View\View->CodeIgniter\View\{closure}()
 4 SYSTEMPATH\Common.php(1178): CodeIgniter\View\View->render('pages/logement', [], true)
 5 APPPATH\Controllers\Logement.php(32): view('pages/logement', [...])
 6 SYSTEMPATH\CodeIgniter.php(941): App\Controllers\Logement->view()
 7 SYSTEMPATH\CodeIgniter.php(502): CodeIgniter\CodeIgniter->runController(Object(App\Controllers\Logement))
 8 SYSTEMPATH\CodeIgniter.php(361): CodeIgniter\CodeIgniter->handleRequest(null, Object(Config\Cache), false)
 9 FCPATH\index.php(79): CodeIgniter\CodeIgniter->run()
10 SYSTEMPATH\Commands\Server\rewrite.php(47): require_once('C:\\Users\\marcl\\xampp\\htdocs\\CVVEN\\public\\index.php')
WARNING - 2024-04-16 08:58:35 --> [DEPRECATED] Creation of dynamic property App\Controllers\Logement::$logementModel is deprecated in APPPATH\Controllers\Logement.php on line 23.
 1 SYSTEMPATH\CodeIgniter.php(913): App\Controllers\Logement->__construct()
 2 SYSTEMPATH\CodeIgniter.php(493): CodeIgniter\CodeIgniter->createController()
 3 SYSTEMPATH\CodeIgniter.php(361): CodeIgniter\CodeIgniter->handleRequest(null, Object(Config\Cache), false)
 4 FCPATH\index.php(79): CodeIgniter\CodeIgniter->run()
 5 SYSTEMPATH\Commands\Server\rewrite.php(47): require_once('C:\\Users\\marcl\\xampp\\htdocs\\CVVEN\\public\\index.php')
WARNING - 2024-04-16 09:01:23 --> [DEPRECATED] Creation of dynamic property App\Controllers\Logement::$logementModel is deprecated in APPPATH\Controllers\Logement.php on line 23.
 1 SYSTEMPATH\CodeIgniter.php(913): App\Controllers\Logement->__construct()
 2 SYSTEMPATH\CodeIgniter.php(493): CodeIgniter\CodeIgniter->createController()
 3 SYSTEMPATH\CodeIgniter.php(361): CodeIgniter\CodeIgniter->handleRequest(null, Object(Config\Cache), false)
 4 FCPATH\index.php(79): CodeIgniter\CodeIgniter->run()
 5 SYSTEMPATH\Commands\Server\rewrite.php(47): require_once('C:\\Users\\marcl\\xampp\\htdocs\\CVVEN\\public\\index.php')
CRITICAL - 2024-04-16 09:01:23 --> ErrorException: Undefined variable $nbr_logement_type2
in APPPATH\Views\pages\logement.php on line 24.
 1 APPPATH\Views\pages\logement.php(24): CodeIgniter\Debug\Exceptions->errorHandler(2, 'Undefined variable $nbr_logement_type2', 'C:\\Users\\marcl\\xampp\\htdocs\\CVVEN\\app\\Views\\pages\\logement.php', 24)
 2 SYSTEMPATH\View\View.php(228): include('C:\\Users\\marcl\\xampp\\htdocs\\CVVEN\\app\\Views\\pages\\logement.php')
 3 SYSTEMPATH\View\View.php(231): CodeIgniter\View\View->CodeIgniter\View\{closure}()
 4 SYSTEMPATH\Common.php(1178): CodeIgniter\View\View->render('pages/logement', [], true)
 5 APPPATH\Controllers\Logement.php(35): view('pages/logement', [...])
 6 SYSTEMPATH\CodeIgniter.php(941): App\Controllers\Logement->view()
 7 SYSTEMPATH\CodeIgniter.php(502): CodeIgniter\CodeIgniter->runController(Object(App\Controllers\Logement))
 8 SYSTEMPATH\CodeIgniter.php(361): CodeIgniter\CodeIgniter->handleRequest(null, Object(Config\Cache), false)
 9 FCPATH\index.php(79): CodeIgniter\CodeIgniter->run()
10 SYSTEMPATH\Commands\Server\rewrite.php(47): require_once('C:\\Users\\marcl\\xampp\\htdocs\\CVVEN\\public\\index.php')
WARNING - 2024-04-16 09:01:51 --> [DEPRECATED] Creation of dynamic property App\Controllers\Logement::$logementModel is deprecated in APPPATH\Controllers\Logement.php on line 23.
 1 SYSTEMPATH\CodeIgniter.php(913): App\Controllers\Logement->__construct()
 2 SYSTEMPATH\CodeIgniter.php(493): CodeIgniter\CodeIgniter->createController()
 3 SYSTEMPATH\CodeIgniter.php(361): CodeIgniter\CodeIgniter->handleRequest(null, Object(Config\Cache), false)
 4 FCPATH\index.php(79): CodeIgniter\CodeIgniter->run()
 5 SYSTEMPATH\Commands\Server\rewrite.php(47): require_once('C:\\Users\\marcl\\xampp\\htdocs\\CVVEN\\public\\index.php')
CRITICAL - 2024-04-16 09:01:51 --> ErrorException: Undefined variable $nbr_logement_type2
in APPPATH\Views\pages\logement.php on line 24.
 1 APPPATH\Views\pages\logement.php(24): CodeIgniter\Debug\Exceptions->errorHandler(2, 'Undefined variable $nbr_logement_type2', 'C:\\Users\\marcl\\xampp\\htdocs\\CVVEN\\app\\Views\\pages\\logement.php', 24)
 2 SYSTEMPATH\View\View.php(228): include('C:\\Users\\marcl\\xampp\\htdocs\\CVVEN\\app\\Views\\pages\\logement.php')
 3 SYSTEMPATH\View\View.php(231): CodeIgniter\View\View->CodeIgniter\View\{closure}()
 4 SYSTEMPATH\Common.php(1178): CodeIgniter\View\View->render('pages/logement', [], true)
 5 APPPATH\Controllers\Logement.php(35): view('pages/logement', [...])
 6 SYSTEMPATH\CodeIgniter.php(941): App\Controllers\Logement->view()
 7 SYSTEMPATH\CodeIgniter.php(502): CodeIgniter\CodeIgniter->runController(Object(App\Controllers\Logement))
 8 SYSTEMPATH\CodeIgniter.php(361): CodeIgniter\CodeIgniter->handleRequest(null, Object(Config\Cache), false)
 9 FCPATH\index.php(79): CodeIgniter\CodeIgniter->run()
10 SYSTEMPATH\Commands\Server\rewrite.php(47): require_once('C:\\Users\\marcl\\xampp\\htdocs\\CVVEN\\public\\index.php')
WARNING - 2024-04-16 09:02:56 --> [DEPRECATED] Creation of dynamic property App\Controllers\Logement::$logementModel is deprecated in APPPATH\Controllers\Logement.php on line 23.
 1 SYSTEMPATH\CodeIgniter.php(913): App\Controllers\Logement->__construct()
 2 SYSTEMPATH\CodeIgniter.php(493): CodeIgniter\CodeIgniter->createController()
 3 SYSTEMPATH\CodeIgniter.php(361): CodeIgniter\CodeIgniter->handleRequest(null, Object(Config\Cache), false)
 4 FCPATH\index.php(79): CodeIgniter\CodeIgniter->run()
 5 SYSTEMPATH\Commands\Server\rewrite.php(47): require_once('C:\\Users\\marcl\\xampp\\htdocs\\CVVEN\\public\\index.php')
CRITICAL - 2024-04-16 09:02:56 --> ErrorException: Undefined variable $nbr_logement_type3
in APPPATH\Views\pages\logement.php on line 36.
 1 APPPATH\Views\pages\logement.php(36): CodeIgniter\Debug\Exceptions->errorHandler(2, 'Undefined variable $nbr_logement_type3', 'C:\\Users\\marcl\\xampp\\htdocs\\CVVEN\\app\\Views\\pages\\logement.php', 36)
 2 SYSTEMPATH\View\View.php(228): include('C:\\Users\\marcl\\xampp\\htdocs\\CVVEN\\app\\Views\\pages\\logement.php')
 3 SYSTEMPATH\View\View.php(231): CodeIgniter\View\View->CodeIgniter\View\{closure}()
 4 SYSTEMPATH\Common.php(1178): CodeIgniter\View\View->render('pages/logement', [], true)
 5 APPPATH\Controllers\Logement.php(35): view('pages/logement', [...])
 6 SYSTEMPATH\CodeIgniter.php(941): App\Controllers\Logement->view()
 7 SYSTEMPATH\CodeIgniter.php(502): CodeIgniter\CodeIgniter->runController(Object(App\Controllers\Logement))
 8 SYSTEMPATH\CodeIgniter.php(361): CodeIgniter\CodeIgniter->handleRequest(null, Object(Config\Cache), false)
 9 FCPATH\index.php(79): CodeIgniter\CodeIgniter->run()
10 SYSTEMPATH\Commands\Server\rewrite.php(47): require_once('C:\\Users\\marcl\\xampp\\htdocs\\CVVEN\\public\\index.php')
WARNING - 2024-04-16 09:03:29 --> [DEPRECATED] Creation of dynamic property App\Controllers\Logement::$logementModel is deprecated in APPPATH\Controllers\Logement.php on line 23.
 1 SYSTEMPATH\CodeIgniter.php(913): App\Controllers\Logement->__construct()
 2 SYSTEMPATH\CodeIgniter.php(493): CodeIgniter\CodeIgniter->createController()
 3 SYSTEMPATH\CodeIgniter.php(361): CodeIgniter\CodeIgniter->handleRequest(null, Object(Config\Cache), false)
 4 FCPATH\index.php(79): CodeIgniter\CodeIgniter->run()
 5 SYSTEMPATH\Commands\Server\rewrite.php(47): require_once('C:\\Users\\marcl\\xampp\\htdocs\\CVVEN\\public\\index.php')
CRITICAL - 2024-04-16 09:03:29 --> ErrorException: Undefined variable $nbr_logement_type4
in APPPATH\Views\pages\logement.php on line 48.
 1 APPPATH\Views\pages\logement.php(48): CodeIgniter\Debug\Exceptions->errorHandler(2, 'Undefined variable $nbr_logement_type4', 'C:\\Users\\marcl\\xampp\\htdocs\\CVVEN\\app\\Views\\pages\\logement.php', 48)
 2 SYSTEMPATH\View\View.php(228): include('C:\\Users\\marcl\\xampp\\htdocs\\CVVEN\\app\\Views\\pages\\logement.php')
 3 SYSTEMPATH\View\View.php(231): CodeIgniter\View\View->CodeIgniter\View\{closure}()
 4 SYSTEMPATH\Common.php(1178): CodeIgniter\View\View->render('pages/logement', [], true)
 5 APPPATH\Controllers\Logement.php(38): view('pages/logement', [...])
 6 SYSTEMPATH\CodeIgniter.php(941): App\Controllers\Logement->view()
 7 SYSTEMPATH\CodeIgniter.php(502): CodeIgniter\CodeIgniter->runController(Object(App\Controllers\Logement))
 8 SYSTEMPATH\CodeIgniter.php(361): CodeIgniter\CodeIgniter->handleRequest(null, Object(Config\Cache), false)
 9 FCPATH\index.php(79): CodeIgniter\CodeIgniter->run()
10 SYSTEMPATH\Commands\Server\rewrite.php(47): require_once('C:\\Users\\marcl\\xampp\\htdocs\\CVVEN\\public\\index.php')
WARNING - 2024-04-16 09:05:00 --> [DEPRECATED] Creation of dynamic property App\Controllers\Logement::$logementModel is deprecated in APPPATH\Controllers\Logement.php on line 23.
 1 SYSTEMPATH\CodeIgniter.php(913): App\Controllers\Logement->__construct()
 2 SYSTEMPATH\CodeIgniter.php(493): CodeIgniter\CodeIgniter->createController()
 3 SYSTEMPATH\CodeIgniter.php(361): CodeIgniter\CodeIgniter->handleRequest(null, Object(Config\Cache), false)
 4 FCPATH\index.php(79): CodeIgniter\CodeIgniter->run()
 5 SYSTEMPATH\Commands\Server\rewrite.php(47): require_once('C:\\Users\\marcl\\xampp\\htdocs\\CVVEN\\public\\index.php')
WARNING - 2024-04-16 09:05:07 --> [DEPRECATED] Creation of dynamic property App\Controllers\Logement::$logementModel is deprecated in APPPATH\Controllers\Logement.php on line 23.
 1 SYSTEMPATH\CodeIgniter.php(913): App\Controllers\Logement->__construct()
 2 SYSTEMPATH\CodeIgniter.php(493): CodeIgniter\CodeIgniter->createController()
 3 SYSTEMPATH\CodeIgniter.php(361): CodeIgniter\CodeIgniter->handleRequest(null, Object(Config\Cache), false)
 4 FCPATH\index.php(79): CodeIgniter\CodeIgniter->run()
 5 SYSTEMPATH\Commands\Server\rewrite.php(47): require_once('C:\\Users\\marcl\\xampp\\htdocs\\CVVEN\\public\\index.php')
WARNING - 2024-04-16 09:05:28 --> [DEPRECATED] Creation of dynamic property App\Controllers\Logement::$logementModel is deprecated in APPPATH\Controllers\Logement.php on line 23.
 1 SYSTEMPATH\CodeIgniter.php(913): App\Controllers\Logement->__construct()
 2 SYSTEMPATH\CodeIgniter.php(493): CodeIgniter\CodeIgniter->createController()
 3 SYSTEMPATH\CodeIgniter.php(361): CodeIgniter\CodeIgniter->handleRequest(null, Object(Config\Cache), false)
 4 FCPATH\index.php(79): CodeIgniter\CodeIgniter->run()
 5 SYSTEMPATH\Commands\Server\rewrite.php(47): require_once('C:\\Users\\marcl\\xampp\\htdocs\\CVVEN\\public\\index.php')
WARNING - 2024-04-16 09:06:46 --> [DEPRECATED] Creation of dynamic property App\Controllers\Logement::$logementModel is deprecated in APPPATH\Controllers\Logement.php on line 23.
 1 SYSTEMPATH\CodeIgniter.php(913): App\Controllers\Logement->__construct()
 2 SYSTEMPATH\CodeIgniter.php(493): CodeIgniter\CodeIgniter->createController()
 3 SYSTEMPATH\CodeIgniter.php(361): CodeIgniter\CodeIgniter->handleRequest(null, Object(Config\Cache), false)
 4 FCPATH\index.php(79): CodeIgniter\CodeIgniter->run()
 5 SYSTEMPATH\Commands\Server\rewrite.php(47): require_once('C:\\Users\\marcl\\xampp\\htdocs\\CVVEN\\public\\index.php')
WARNING - 2024-04-16 09:07:03 --> [DEPRECATED] Creation of dynamic property App\Controllers\Logement::$logementModel is deprecated in APPPATH\Controllers\Logement.php on line 23.
 1 SYSTEMPATH\CodeIgniter.php(913): App\Controllers\Logement->__construct()
 2 SYSTEMPATH\CodeIgniter.php(493): CodeIgniter\CodeIgniter->createController()
 3 SYSTEMPATH\CodeIgniter.php(361): CodeIgniter\CodeIgniter->handleRequest(null, Object(Config\Cache), false)
 4 FCPATH\index.php(79): CodeIgniter\CodeIgniter->run()
 5 SYSTEMPATH\Commands\Server\rewrite.php(47): require_once('C:\\Users\\marcl\\xampp\\htdocs\\CVVEN\\public\\index.php')
WARNING - 2024-04-16 09:07:07 --> [DEPRECATED] Creation of dynamic property App\Controllers\Logement::$logementModel is deprecated in APPPATH\Controllers\Logement.php on line 23.
 1 SYSTEMPATH\CodeIgniter.php(913): App\Controllers\Logement->__construct()
 2 SYSTEMPATH\CodeIgniter.php(493): CodeIgniter\CodeIgniter->createController()
 3 SYSTEMPATH\CodeIgniter.php(361): CodeIgniter\CodeIgniter->handleRequest(null, Object(Config\Cache), false)
 4 FCPATH\index.php(79): CodeIgniter\CodeIgniter->run()
 5 SYSTEMPATH\Commands\Server\rewrite.php(47): require_once('C:\\Users\\marcl\\xampp\\htdocs\\CVVEN\\public\\index.php')
WARNING - 2024-04-16 09:07:11 --> [DEPRECATED] Creation of dynamic property App\Controllers\Logement::$logementModel is deprecated in APPPATH\Controllers\Logement.php on line 23.
 1 SYSTEMPATH\CodeIgniter.php(913): App\Controllers\Logement->__construct()
 2 SYSTEMPATH\CodeIgniter.php(493): CodeIgniter\CodeIgniter->createController()
 3 SYSTEMPATH\CodeIgniter.php(361): CodeIgniter\CodeIgniter->handleRequest(null, Object(Config\Cache), false)
 4 FCPATH\index.php(79): CodeIgniter\CodeIgniter->run()
 5 SYSTEMPATH\Commands\Server\rewrite.php(47): require_once('C:\\Users\\marcl\\xampp\\htdocs\\CVVEN\\public\\index.php')
INFO - 2024-04-16 09:07:28 --> Session: Class initialized using 'CodeIgniter\Session\Handlers\FileHandler' driver.
INFO - 2024-04-16 09:07:50 --> Session: Class initialized using 'CodeIgniter\Session\Handlers\FileHandler' driver.
INFO - 2024-04-16 09:07:50 --> Session: Class initialized using 'CodeIgniter\Session\Handlers\FileHandler' driver.
INFO - 2024-04-16 09:07:57 --> Session: Class initialized using 'CodeIgniter\Session\Handlers\FileHandler' driver.
INFO - 2024-04-16 09:08:12 --> Session: Class initialized using 'CodeIgniter\Session\Handlers\FileHandler' driver.
ERROR - 2024-04-16 09:08:13 --> mysqli_sql_exception: Unknown column 'created_at' in 'field list' in C:\Users\marcl\xampp\htdocs\CVVEN\system\Database\MySQLi\Connection.php:306
Stack trace:
#0 C:\Users\marcl\xampp\htdocs\CVVEN\system\Database\MySQLi\Connection.php(306): mysqli->query('INSERT INTO `us...', 0)
#1 C:\Users\marcl\xampp\htdocs\CVVEN\system\Database\BaseConnection.php(693): CodeIgniter\Database\MySQLi\Connection->execute('INSERT INTO `us...')
#2 C:\Users\marcl\xampp\htdocs\CVVEN\system\Database\BaseConnection.php(607): CodeIgniter\Database\BaseConnection->simpleQuery('INSERT INTO `us...')
#3 C:\Users\marcl\xampp\htdocs\CVVEN\system\Database\BaseBuilder.php(2307): CodeIgniter\Database\BaseConnection->query('INSERT INTO `us...', Array, false)
#4 C:\Users\marcl\xampp\htdocs\CVVEN\system\Model.php(326): CodeIgniter\Database\BaseBuilder->insert()
#5 C:\Users\marcl\xampp\htdocs\CVVEN\system\BaseModel.php(802): CodeIgniter\Model->doInsert(Array)
#6 C:\Users\marcl\xampp\htdocs\CVVEN\system\Model.php(744): CodeIgniter\BaseModel->insert(Array, false)
#7 C:\Users\marcl\xampp\htdocs\CVVEN\system\BaseModel.php(713): CodeIgniter\Model->insert(Array, false)
#8 C:\Users\marcl\xampp\htdocs\CVVEN\app\Controllers\Auth.php(81): CodeIgniter\BaseModel->save(Array)
#9 C:\Users\marcl\xampp\htdocs\CVVEN\system\CodeIgniter.php(941): App\Controllers\Auth->register()
#10 C:\Users\marcl\xampp\htdocs\CVVEN\system\CodeIgniter.php(502): CodeIgniter\CodeIgniter->runController(Object(App\Controllers\Auth))
#11 C:\Users\marcl\xampp\htdocs\CVVEN\system\CodeIgniter.php(361): CodeIgniter\CodeIgniter->handleRequest(NULL, Object(Config\Cache), false)
#12 C:\Users\marcl\xampp\htdocs\CVVEN\public\index.php(79): CodeIgniter\CodeIgniter->run()
#13 C:\Users\marcl\xampp\htdocs\CVVEN\system\Commands\Server\rewrite.php(47): require_once('C:\\Users\\marcl\\...')
#14 {main}
CRITICAL - 2024-04-16 09:08:13 --> CodeIgniter\Database\Exceptions\DatabaseException: Unknown column 'created_at' in 'field list'
in SYSTEMPATH\Database\BaseConnection.php on line 647.
 1 SYSTEMPATH\Database\BaseBuilder.php(2307): CodeIgniter\Database\BaseConnection->query('INSERT INTO `users` (`nom`, `prenom`, `mail`, `mdp`, `created_at`, `updated_at`) VALUES (:nom:, :prenom:, :mail:, :mdp:, :created_at:, :updated_at:)', [...], false)
 2 SYSTEMPATH\Model.php(326): CodeIgniter\Database\BaseBuilder->insert()
 3 SYSTEMPATH\BaseModel.php(802): CodeIgniter\Model->doInsert([...])
 4 SYSTEMPATH\Model.php(744): CodeIgniter\BaseModel->insert([...], false)
 5 SYSTEMPATH\BaseModel.php(713): CodeIgniter\Model->insert([...], false)
 6 APPPATH\Controllers\Auth.php(81): CodeIgniter\BaseModel->save([...])
 7 SYSTEMPATH\CodeIgniter.php(941): App\Controllers\Auth->register()
 8 SYSTEMPATH\CodeIgniter.php(502): CodeIgniter\CodeIgniter->runController(Object(App\Controllers\Auth))
 9 SYSTEMPATH\CodeIgniter.php(361): CodeIgniter\CodeIgniter->handleRequest(null, Object(Config\Cache), false)
10 FCPATH\index.php(79): CodeIgniter\CodeIgniter->run()
11 SYSTEMPATH\Commands\Server\rewrite.php(47): require_once('C:\\Users\\marcl\\xampp\\htdocs\\CVVEN\\public\\index.php')
CRITICAL - 2024-04-16 09:08:13 --> [Caused by] CodeIgniter\Database\Exceptions\DatabaseException: Unknown column 'created_at' in 'field list'
in SYSTEMPATH\Database\MySQLi\Connection.php on line 311.
 1 SYSTEMPATH\Database\BaseConnection.php(693): CodeIgniter\Database\MySQLi\Connection->execute('INSERT INTO `users` (`nom`, `prenom`, `mail`, `mdp`, `created_at`, `updated_at`) VALUES (\'Lin\', \'Marc\', \'marclin750@gmail.com\', \'$2y$10$jgfc.QVpaX9d5U5tdK7xmObt3DNqAK9XmCtH04ijT9gyzUZH/OJkG\', \'2024-04-16 09:08:13\', \'2024-04-16 09:08:13\')')
 2 SYSTEMPATH\Database\BaseConnection.php(607): CodeIgniter\Database\BaseConnection->simpleQuery('INSERT INTO `users` (`nom`, `prenom`, `mail`, `mdp`, `created_at`, `updated_at`) VALUES (\'Lin\', \'Marc\', \'marclin750@gmail.com\', \'$2y$10$jgfc.QVpaX9d5U5tdK7xmObt3DNqAK9XmCtH04ijT9gyzUZH/OJkG\', \'2024-04-16 09:08:13\', \'2024-04-16 09:08:13\')')
 3 SYSTEMPATH\Database\BaseBuilder.php(2307): CodeIgniter\Database\BaseConnection->query('INSERT INTO `users` (`nom`, `prenom`, `mail`, `mdp`, `created_at`, `updated_at`) VALUES (:nom:, :prenom:, :mail:, :mdp:, :created_at:, :updated_at:)', [...], false)
 4 SYSTEMPATH\Model.php(326): CodeIgniter\Database\BaseBuilder->insert()
 5 SYSTEMPATH\BaseModel.php(802): CodeIgniter\Model->doInsert([...])
 6 SYSTEMPATH\Model.php(744): CodeIgniter\BaseModel->insert([...], false)
 7 SYSTEMPATH\BaseModel.php(713): CodeIgniter\Model->insert([...], false)
 8 APPPATH\Controllers\Auth.php(81): CodeIgniter\BaseModel->save([...])
 9 SYSTEMPATH\CodeIgniter.php(941): App\Controllers\Auth->register()
10 SYSTEMPATH\CodeIgniter.php(502): CodeIgniter\CodeIgniter->runController(Object(App\Controllers\Auth))
11 SYSTEMPATH\CodeIgniter.php(361): CodeIgniter\CodeIgniter->handleRequest(null, Object(Config\Cache), false)
12 FCPATH\index.php(79): CodeIgniter\CodeIgniter->run()
13 SYSTEMPATH\Commands\Server\rewrite.php(47): require_once('C:\\Users\\marcl\\xampp\\htdocs\\CVVEN\\public\\index.php')
CRITICAL - 2024-04-16 09:08:13 --> [Caused by] mysqli_sql_exception: Unknown column 'created_at' in 'field list'
in SYSTEMPATH\Database\MySQLi\Connection.php on line 306.
 1 SYSTEMPATH\Database\MySQLi\Connection.php(306): mysqli->query('INSERT INTO `users` (`nom`, `prenom`, `mail`, `mdp`, `created_at`, `updated_at`) VALUES (\'Lin\', \'Marc\', \'marclin750@gmail.com\', \'$2y$10$jgfc.QVpaX9d5U5tdK7xmObt3DNqAK9XmCtH04ijT9gyzUZH/OJkG\', \'2024-04-16 09:08:13\', \'2024-04-16 09:08:13\')', 0)
 2 SYSTEMPATH\Database\BaseConnection.php(693): CodeIgniter\Database\MySQLi\Connection->execute('INSERT INTO `users` (`nom`, `prenom`, `mail`, `mdp`, `created_at`, `updated_at`) VALUES (\'Lin\', \'Marc\', \'marclin750@gmail.com\', \'$2y$10$jgfc.QVpaX9d5U5tdK7xmObt3DNqAK9XmCtH04ijT9gyzUZH/OJkG\', \'2024-04-16 09:08:13\', \'2024-04-16 09:08:13\')')
 3 SYSTEMPATH\Database\BaseConnection.php(607): CodeIgniter\Database\BaseConnection->simpleQuery('INSERT INTO `users` (`nom`, `prenom`, `mail`, `mdp`, `created_at`, `updated_at`) VALUES (\'Lin\', \'Marc\', \'marclin750@gmail.com\', \'$2y$10$jgfc.QVpaX9d5U5tdK7xmObt3DNqAK9XmCtH04ijT9gyzUZH/OJkG\', \'2024-04-16 09:08:13\', \'2024-04-16 09:08:13\')')
 4 SYSTEMPATH\Database\BaseBuilder.php(2307): CodeIgniter\Database\BaseConnection->query('INSERT INTO `users` (`nom`, `prenom`, `mail`, `mdp`, `created_at`, `updated_at`) VALUES (:nom:, :prenom:, :mail:, :mdp:, :created_at:, :updated_at:)', [...], false)
 5 SYSTEMPATH\Model.php(326): CodeIgniter\Database\BaseBuilder->insert()
 6 SYSTEMPATH\BaseModel.php(802): CodeIgniter\Model->doInsert([...])
 7 SYSTEMPATH\Model.php(744): CodeIgniter\BaseModel->insert([...], false)
 8 SYSTEMPATH\BaseModel.php(713): CodeIgniter\Model->insert([...], false)
 9 APPPATH\Controllers\Auth.php(81): CodeIgniter\BaseModel->save([...])
10 SYSTEMPATH\CodeIgniter.php(941): App\Controllers\Auth->register()
11 SYSTEMPATH\CodeIgniter.php(502): CodeIgniter\CodeIgniter->runController(Object(App\Controllers\Auth))
12 SYSTEMPATH\CodeIgniter.php(361): CodeIgniter\CodeIgniter->handleRequest(null, Object(Config\Cache), false)
13 FCPATH\index.php(79): CodeIgniter\CodeIgniter->run()
14 SYSTEMPATH\Commands\Server\rewrite.php(47): require_once('C:\\Users\\marcl\\xampp\\htdocs\\CVVEN\\public\\index.php')
INFO - 2024-04-16 09:08:21 --> Session: Class initialized using 'CodeIgniter\Session\Handlers\FileHandler' driver.
ERROR - 2024-04-16 09:08:21 --> mysqli_sql_exception: Unknown column 'created_at' in 'field list' in C:\Users\marcl\xampp\htdocs\CVVEN\system\Database\MySQLi\Connection.php:306
Stack trace:
#0 C:\Users\marcl\xampp\htdocs\CVVEN\system\Database\MySQLi\Connection.php(306): mysqli->query('INSERT INTO `us...', 0)
#1 C:\Users\marcl\xampp\htdocs\CVVEN\system\Database\BaseConnection.php(693): CodeIgniter\Database\MySQLi\Connection->execute('INSERT INTO `us...')
#2 C:\Users\marcl\xampp\htdocs\CVVEN\system\Database\BaseConnection.php(607): CodeIgniter\Database\BaseConnection->simpleQuery('INSERT INTO `us...')
#3 C:\Users\marcl\xampp\htdocs\CVVEN\system\Database\BaseBuilder.php(2307): CodeIgniter\Database\BaseConnection->query('INSERT INTO `us...', Array, false)
#4 C:\Users\marcl\xampp\htdocs\CVVEN\system\Model.php(326): CodeIgniter\Database\BaseBuilder->insert()
#5 C:\Users\marcl\xampp\htdocs\CVVEN\system\BaseModel.php(802): CodeIgniter\Model->doInsert(Array)
#6 C:\Users\marcl\xampp\htdocs\CVVEN\system\Model.php(744): CodeIgniter\BaseModel->insert(Array, false)
#7 C:\Users\marcl\xampp\htdocs\CVVEN\system\BaseModel.php(713): CodeIgniter\Model->insert(Array, false)
#8 C:\Users\marcl\xampp\htdocs\CVVEN\app\Controllers\Auth.php(81): CodeIgniter\BaseModel->save(Array)
#9 C:\Users\marcl\xampp\htdocs\CVVEN\system\CodeIgniter.php(941): App\Controllers\Auth->register()
#10 C:\Users\marcl\xampp\htdocs\CVVEN\system\CodeIgniter.php(502): CodeIgniter\CodeIgniter->runController(Object(App\Controllers\Auth))
#11 C:\Users\marcl\xampp\htdocs\CVVEN\system\CodeIgniter.php(361): CodeIgniter\CodeIgniter->handleRequest(NULL, Object(Config\Cache), false)
#12 C:\Users\marcl\xampp\htdocs\CVVEN\public\index.php(79): CodeIgniter\CodeIgniter->run()
#13 C:\Users\marcl\xampp\htdocs\CVVEN\system\Commands\Server\rewrite.php(47): require_once('C:\\Users\\marcl\\...')
#14 {main}
CRITICAL - 2024-04-16 09:08:21 --> CodeIgniter\Database\Exceptions\DatabaseException: Unknown column 'created_at' in 'field list'
in SYSTEMPATH\Database\BaseConnection.php on line 647.
 1 SYSTEMPATH\Database\BaseBuilder.php(2307): CodeIgniter\Database\BaseConnection->query('INSERT INTO `users` (`nom`, `prenom`, `mail`, `mdp`, `created_at`, `updated_at`) VALUES (:nom:, :prenom:, :mail:, :mdp:, :created_at:, :updated_at:)', [...], false)
 2 SYSTEMPATH\Model.php(326): CodeIgniter\Database\BaseBuilder->insert()
 3 SYSTEMPATH\BaseModel.php(802): CodeIgniter\Model->doInsert([...])
 4 SYSTEMPATH\Model.php(744): CodeIgniter\BaseModel->insert([...], false)
 5 SYSTEMPATH\BaseModel.php(713): CodeIgniter\Model->insert([...], false)
 6 APPPATH\Controllers\Auth.php(81): CodeIgniter\BaseModel->save([...])
 7 SYSTEMPATH\CodeIgniter.php(941): App\Controllers\Auth->register()
 8 SYSTEMPATH\CodeIgniter.php(502): CodeIgniter\CodeIgniter->runController(Object(App\Controllers\Auth))
 9 SYSTEMPATH\CodeIgniter.php(361): CodeIgniter\CodeIgniter->handleRequest(null, Object(Config\Cache), false)
10 FCPATH\index.php(79): CodeIgniter\CodeIgniter->run()
11 SYSTEMPATH\Commands\Server\rewrite.php(47): require_once('C:\\Users\\marcl\\xampp\\htdocs\\CVVEN\\public\\index.php')
CRITICAL - 2024-04-16 09:08:21 --> [Caused by] CodeIgniter\Database\Exceptions\DatabaseException: Unknown column 'created_at' in 'field list'
in SYSTEMPATH\Database\MySQLi\Connection.php on line 311.
 1 SYSTEMPATH\Database\BaseConnection.php(693): CodeIgniter\Database\MySQLi\Connection->execute('INSERT INTO `users` (`nom`, `prenom`, `mail`, `mdp`, `created_at`, `updated_at`) VALUES (\'Lin\', \'Marc\', \'marclin750@gmail.com\', \'$2y$10$b/fu8h6m.k6Ws2fR.D0z8eO5mpGtLyGSzLBuYqQyfs0jX6O4wvqLC\', \'2024-04-16 09:08:21\', \'2024-04-16 09:08:21\')')
 2 SYSTEMPATH\Database\BaseConnection.php(607): CodeIgniter\Database\BaseConnection->simpleQuery('INSERT INTO `users` (`nom`, `prenom`, `mail`, `mdp`, `created_at`, `updated_at`) VALUES (\'Lin\', \'Marc\', \'marclin750@gmail.com\', \'$2y$10$b/fu8h6m.k6Ws2fR.D0z8eO5mpGtLyGSzLBuYqQyfs0jX6O4wvqLC\', \'2024-04-16 09:08:21\', \'2024-04-16 09:08:21\')')
 3 SYSTEMPATH\Database\BaseBuilder.php(2307): CodeIgniter\Database\BaseConnection->query('INSERT INTO `users` (`nom`, `prenom`, `mail`, `mdp`, `created_at`, `updated_at`) VALUES (:nom:, :prenom:, :mail:, :mdp:, :created_at:, :updated_at:)', [...], false)
 4 SYSTEMPATH\Model.php(326): CodeIgniter\Database\BaseBuilder->insert()
 5 SYSTEMPATH\BaseModel.php(802): CodeIgniter\Model->doInsert([...])
 6 SYSTEMPATH\Model.php(744): CodeIgniter\BaseModel->insert([...], false)
 7 SYSTEMPATH\BaseModel.php(713): CodeIgniter\Model->insert([...], false)
 8 APPPATH\Controllers\Auth.php(81): CodeIgniter\BaseModel->save([...])
 9 SYSTEMPATH\CodeIgniter.php(941): App\Controllers\Auth->register()
10 SYSTEMPATH\CodeIgniter.php(502): CodeIgniter\CodeIgniter->runController(Object(App\Controllers\Auth))
11 SYSTEMPATH\CodeIgniter.php(361): CodeIgniter\CodeIgniter->handleRequest(null, Object(Config\Cache), false)
12 FCPATH\index.php(79): CodeIgniter\CodeIgniter->run()
13 SYSTEMPATH\Commands\Server\rewrite.php(47): require_once('C:\\Users\\marcl\\xampp\\htdocs\\CVVEN\\public\\index.php')
CRITICAL - 2024-04-16 09:08:21 --> [Caused by] mysqli_sql_exception: Unknown column 'created_at' in 'field list'
in SYSTEMPATH\Database\MySQLi\Connection.php on line 306.
 1 SYSTEMPATH\Database\MySQLi\Connection.php(306): mysqli->query('INSERT INTO `users` (`nom`, `prenom`, `mail`, `mdp`, `created_at`, `updated_at`) VALUES (\'Lin\', \'Marc\', \'marclin750@gmail.com\', \'$2y$10$b/fu8h6m.k6Ws2fR.D0z8eO5mpGtLyGSzLBuYqQyfs0jX6O4wvqLC\', \'2024-04-16 09:08:21\', \'2024-04-16 09:08:21\')', 0)
 2 SYSTEMPATH\Database\BaseConnection.php(693): CodeIgniter\Database\MySQLi\Connection->execute('INSERT INTO `users` (`nom`, `prenom`, `mail`, `mdp`, `created_at`, `updated_at`) VALUES (\'Lin\', \'Marc\', \'marclin750@gmail.com\', \'$2y$10$b/fu8h6m.k6Ws2fR.D0z8eO5mpGtLyGSzLBuYqQyfs0jX6O4wvqLC\', \'2024-04-16 09:08:21\', \'2024-04-16 09:08:21\')')
 3 SYSTEMPATH\Database\BaseConnection.php(607): CodeIgniter\Database\BaseConnection->simpleQuery('INSERT INTO `users` (`nom`, `prenom`, `mail`, `mdp`, `created_at`, `updated_at`) VALUES (\'Lin\', \'Marc\', \'marclin750@gmail.com\', \'$2y$10$b/fu8h6m.k6Ws2fR.D0z8eO5mpGtLyGSzLBuYqQyfs0jX6O4wvqLC\', \'2024-04-16 09:08:21\', \'2024-04-16 09:08:21\')')
 4 SYSTEMPATH\Database\BaseBuilder.php(2307): CodeIgniter\Database\BaseConnection->query('INSERT INTO `users` (`nom`, `prenom`, `mail`, `mdp`, `created_at`, `updated_at`) VALUES (:nom:, :prenom:, :mail:, :mdp:, :created_at:, :updated_at:)', [...], false)
 5 SYSTEMPATH\Model.php(326): CodeIgniter\Database\BaseBuilder->insert()
 6 SYSTEMPATH\BaseModel.php(802): CodeIgniter\Model->doInsert([...])
 7 SYSTEMPATH\Model.php(744): CodeIgniter\BaseModel->insert([...], false)
 8 SYSTEMPATH\BaseModel.php(713): CodeIgniter\Model->insert([...], false)
 9 APPPATH\Controllers\Auth.php(81): CodeIgniter\BaseModel->save([...])
10 SYSTEMPATH\CodeIgniter.php(941): App\Controllers\Auth->register()
11 SYSTEMPATH\CodeIgniter.php(502): CodeIgniter\CodeIgniter->runController(Object(App\Controllers\Auth))
12 SYSTEMPATH\CodeIgniter.php(361): CodeIgniter\CodeIgniter->handleRequest(null, Object(Config\Cache), false)
13 FCPATH\index.php(79): CodeIgniter\CodeIgniter->run()
14 SYSTEMPATH\Commands\Server\rewrite.php(47): require_once('C:\\Users\\marcl\\xampp\\htdocs\\CVVEN\\public\\index.php')
INFO - 2024-04-16 09:08:22 --> Session: Class initialized using 'CodeIgniter\Session\Handlers\FileHandler' driver.
INFO - 2024-04-16 09:08:26 --> Session: Class initialized using 'CodeIgniter\Session\Handlers\FileHandler' driver.
INFO - 2024-04-16 09:08:32 --> Session: Class initialized using 'CodeIgniter\Session\Handlers\FileHandler' driver.
INFO - 2024-04-16 09:08:39 --> Session: Class initialized using 'CodeIgniter\Session\Handlers\FileHandler' driver.
WARNING - 2024-04-16 09:09:04 --> [DEPRECATED] Creation of dynamic property App\Controllers\Logement::$logementModel is deprecated in APPPATH\Controllers\Logement.php on line 23.
 1 SYSTEMPATH\CodeIgniter.php(913): App\Controllers\Logement->__construct()
 2 SYSTEMPATH\CodeIgniter.php(493): CodeIgniter\CodeIgniter->createController()
 3 SYSTEMPATH\CodeIgniter.php(361): CodeIgniter\CodeIgniter->handleRequest(null, Object(Config\Cache), false)
 4 FCPATH\index.php(79): CodeIgniter\CodeIgniter->run()
 5 SYSTEMPATH\Commands\Server\rewrite.php(47): require_once('C:\\Users\\marcl\\xampp\\htdocs\\CVVEN\\public\\index.php')
WARNING - 2024-04-16 09:09:06 --> [DEPRECATED] Creation of dynamic property App\Controllers\Logement::$logementModel is deprecated in APPPATH\Controllers\Logement.php on line 23.
 1 SYSTEMPATH\CodeIgniter.php(913): App\Controllers\Logement->__construct()
 2 SYSTEMPATH\CodeIgniter.php(493): CodeIgniter\CodeIgniter->createController()
 3 SYSTEMPATH\CodeIgniter.php(361): CodeIgniter\CodeIgniter->handleRequest(null, Object(Config\Cache), false)
 4 FCPATH\index.php(79): CodeIgniter\CodeIgniter->run()
 5 SYSTEMPATH\Commands\Server\rewrite.php(47): require_once('C:\\Users\\marcl\\xampp\\htdocs\\CVVEN\\public\\index.php')
WARNING - 2024-04-16 09:09:07 --> [DEPRECATED] Creation of dynamic property App\Controllers\Logement::$logementModel is deprecated in APPPATH\Controllers\Logement.php on line 23.
 1 SYSTEMPATH\CodeIgniter.php(913): App\Controllers\Logement->__construct()
 2 SYSTEMPATH\CodeIgniter.php(493): CodeIgniter\CodeIgniter->createController()
 3 SYSTEMPATH\CodeIgniter.php(361): CodeIgniter\CodeIgniter->handleRequest(null, Object(Config\Cache), false)
 4 FCPATH\index.php(79): CodeIgniter\CodeIgniter->run()
 5 SYSTEMPATH\Commands\Server\rewrite.php(47): require_once('C:\\Users\\marcl\\xampp\\htdocs\\CVVEN\\public\\index.php')
WARNING - 2024-04-16 09:09:08 --> [DEPRECATED] Creation of dynamic property App\Controllers\Logement::$logementModel is deprecated in APPPATH\Controllers\Logement.php on line 23.
 1 SYSTEMPATH\CodeIgniter.php(913): App\Controllers\Logement->__construct()
 2 SYSTEMPATH\CodeIgniter.php(493): CodeIgniter\CodeIgniter->createController()
 3 SYSTEMPATH\CodeIgniter.php(361): CodeIgniter\CodeIgniter->handleRequest(null, Object(Config\Cache), false)
 4 FCPATH\index.php(79): CodeIgniter\CodeIgniter->run()
 5 SYSTEMPATH\Commands\Server\rewrite.php(47): require_once('C:\\Users\\marcl\\xampp\\htdocs\\CVVEN\\public\\index.php')
CRITICAL - 2024-04-16 09:09:08 --> ErrorException: Undefined variable $nbr_logement_type1
in APPPATH\Views\pages\logement\type1.php on line 3.
 1 APPPATH\Views\pages\logement\type1.php(3): CodeIgniter\Debug\Exceptions->errorHandler(2, 'Undefined variable $nbr_logement_type1', 'C:\\Users\\marcl\\xampp\\htdocs\\CVVEN\\app\\Views\\pages\\logement\\type1.php', 3)
 2 SYSTEMPATH\View\View.php(228): include('C:\\Users\\marcl\\xampp\\htdocs\\CVVEN\\app\\Views\\pages\\logement\\type1.php')
 3 SYSTEMPATH\View\View.php(231): CodeIgniter\View\View->CodeIgniter\View\{closure}()
 4 SYSTEMPATH\Common.php(1178): CodeIgniter\View\View->render('pages/logement/type1', [], true)
 5 APPPATH\Controllers\Logement.php(63): view('pages/logement/type1', [...])
 6 SYSTEMPATH\CodeIgniter.php(941): App\Controllers\Logement->type2()
 7 SYSTEMPATH\CodeIgniter.php(502): CodeIgniter\CodeIgniter->runController(Object(App\Controllers\Logement))
 8 SYSTEMPATH\CodeIgniter.php(361): CodeIgniter\CodeIgniter->handleRequest(null, Object(Config\Cache), false)
 9 FCPATH\index.php(79): CodeIgniter\CodeIgniter->run()
10 SYSTEMPATH\Commands\Server\rewrite.php(47): require_once('C:\\Users\\marcl\\xampp\\htdocs\\CVVEN\\public\\index.php')
WARNING - 2024-04-16 09:09:34 --> [DEPRECATED] Creation of dynamic property App\Controllers\Logement::$logementModel is deprecated in APPPATH\Controllers\Logement.php on line 23.
 1 SYSTEMPATH\CodeIgniter.php(913): App\Controllers\Logement->__construct()
 2 SYSTEMPATH\CodeIgniter.php(493): CodeIgniter\CodeIgniter->createController()
 3 SYSTEMPATH\CodeIgniter.php(361): CodeIgniter\CodeIgniter->handleRequest(null, Object(Config\Cache), false)
 4 FCPATH\index.php(79): CodeIgniter\CodeIgniter->run()
 5 SYSTEMPATH\Commands\Server\rewrite.php(47): require_once('C:\\Users\\marcl\\xampp\\htdocs\\CVVEN\\public\\index.php')
WARNING - 2024-04-16 09:10:12 --> [DEPRECATED] Creation of dynamic property App\Controllers\Logement::$logementModel is deprecated in APPPATH\Controllers\Logement.php on line 23.
 1 SYSTEMPATH\CodeIgniter.php(913): App\Controllers\Logement->__construct()
 2 SYSTEMPATH\CodeIgniter.php(493): CodeIgniter\CodeIgniter->createController()
 3 SYSTEMPATH\CodeIgniter.php(361): CodeIgniter\CodeIgniter->handleRequest(null, Object(Config\Cache), false)
 4 FCPATH\index.php(79): CodeIgniter\CodeIgniter->run()
 5 SYSTEMPATH\Commands\Server\rewrite.php(47): require_once('C:\\Users\\marcl\\xampp\\htdocs\\CVVEN\\public\\index.php')
WARNING - 2024-04-16 09:10:23 --> [DEPRECATED] Creation of dynamic property App\Controllers\Logement::$logementModel is deprecated in APPPATH\Controllers\Logement.php on line 23.
 1 SYSTEMPATH\CodeIgniter.php(913): App\Controllers\Logement->__construct()
 2 SYSTEMPATH\CodeIgniter.php(493): CodeIgniter\CodeIgniter->createController()
 3 SYSTEMPATH\CodeIgniter.php(361): CodeIgniter\CodeIgniter->handleRequest(null, Object(Config\Cache), false)
 4 FCPATH\index.php(79): CodeIgniter\CodeIgniter->run()
 5 SYSTEMPATH\Commands\Server\rewrite.php(47): require_once('C:\\Users\\marcl\\xampp\\htdocs\\CVVEN\\public\\index.php')
WARNING - 2024-04-16 09:12:00 --> [DEPRECATED] Creation of dynamic property App\Controllers\Logement::$logementModel is deprecated in APPPATH\Controllers\Logement.php on line 23.
 1 SYSTEMPATH\CodeIgniter.php(913): App\Controllers\Logement->__construct()
 2 SYSTEMPATH\CodeIgniter.php(493): CodeIgniter\CodeIgniter->createController()
 3 SYSTEMPATH\CodeIgniter.php(361): CodeIgniter\CodeIgniter->handleRequest(null, Object(Config\Cache), false)
 4 FCPATH\index.php(79): CodeIgniter\CodeIgniter->run()
 5 SYSTEMPATH\Commands\Server\rewrite.php(47): require_once('C:\\Users\\marcl\\xampp\\htdocs\\CVVEN\\public\\index.php')
WARNING - 2024-04-16 09:12:02 --> [DEPRECATED] Creation of dynamic property App\Controllers\Logement::$logementModel is deprecated in APPPATH\Controllers\Logement.php on line 23.
 1 SYSTEMPATH\CodeIgniter.php(913): App\Controllers\Logement->__construct()
 2 SYSTEMPATH\CodeIgniter.php(493): CodeIgniter\CodeIgniter->createController()
 3 SYSTEMPATH\CodeIgniter.php(361): CodeIgniter\CodeIgniter->handleRequest(null, Object(Config\Cache), false)
 4 FCPATH\index.php(79): CodeIgniter\CodeIgniter->run()
 5 SYSTEMPATH\Commands\Server\rewrite.php(47): require_once('C:\\Users\\marcl\\xampp\\htdocs\\CVVEN\\public\\index.php')
WARNING - 2024-04-16 09:12:03 --> [DEPRECATED] Creation of dynamic property App\Controllers\Logement::$logementModel is deprecated in APPPATH\Controllers\Logement.php on line 23.
 1 SYSTEMPATH\CodeIgniter.php(913): App\Controllers\Logement->__construct()
 2 SYSTEMPATH\CodeIgniter.php(493): CodeIgniter\CodeIgniter->createController()
 3 SYSTEMPATH\CodeIgniter.php(361): CodeIgniter\CodeIgniter->handleRequest(null, Object(Config\Cache), false)
 4 FCPATH\index.php(79): CodeIgniter\CodeIgniter->run()
 5 SYSTEMPATH\Commands\Server\rewrite.php(47): require_once('C:\\Users\\marcl\\xampp\\htdocs\\CVVEN\\public\\index.php')
WARNING - 2024-04-16 09:12:05 --> [DEPRECATED] Creation of dynamic property App\Controllers\Logement::$logementModel is deprecated in APPPATH\Controllers\Logement.php on line 23.
 1 SYSTEMPATH\CodeIgniter.php(913): App\Controllers\Logement->__construct()
 2 SYSTEMPATH\CodeIgniter.php(493): CodeIgniter\CodeIgniter->createController()
 3 SYSTEMPATH\CodeIgniter.php(361): CodeIgniter\CodeIgniter->handleRequest(null, Object(Config\Cache), false)
 4 FCPATH\index.php(79): CodeIgniter\CodeIgniter->run()
 5 SYSTEMPATH\Commands\Server\rewrite.php(47): require_once('C:\\Users\\marcl\\xampp\\htdocs\\CVVEN\\public\\index.php')
WARNING - 2024-04-16 09:12:29 --> [DEPRECATED] Creation of dynamic property App\Controllers\Logement::$logementModel is deprecated in APPPATH\Controllers\Logement.php on line 23.
 1 SYSTEMPATH\CodeIgniter.php(913): App\Controllers\Logement->__construct()
 2 SYSTEMPATH\CodeIgniter.php(493): CodeIgniter\CodeIgniter->createController()
 3 SYSTEMPATH\CodeIgniter.php(361): CodeIgniter\CodeIgniter->handleRequest(null, Object(Config\Cache), false)
 4 FCPATH\index.php(79): CodeIgniter\CodeIgniter->run()
 5 SYSTEMPATH\Commands\Server\rewrite.php(47): require_once('C:\\Users\\marcl\\xampp\\htdocs\\CVVEN\\public\\index.php')
WARNING - 2024-04-16 09:12:36 --> [DEPRECATED] Creation of dynamic property App\Controllers\Logement::$logementModel is deprecated in APPPATH\Controllers\Logement.php on line 23.
 1 SYSTEMPATH\CodeIgniter.php(913): App\Controllers\Logement->__construct()
 2 SYSTEMPATH\CodeIgniter.php(493): CodeIgniter\CodeIgniter->createController()
 3 SYSTEMPATH\CodeIgniter.php(361): CodeIgniter\CodeIgniter->handleRequest(null, Object(Config\Cache), false)
 4 FCPATH\index.php(79): CodeIgniter\CodeIgniter->run()
 5 SYSTEMPATH\Commands\Server\rewrite.php(47): require_once('C:\\Users\\marcl\\xampp\\htdocs\\CVVEN\\public\\index.php')
WARNING - 2024-04-16 09:12:39 --> [DEPRECATED] Creation of dynamic property App\Controllers\Logement::$logementModel is deprecated in APPPATH\Controllers\Logement.php on line 23.
 1 SYSTEMPATH\CodeIgniter.php(913): App\Controllers\Logement->__construct()
 2 SYSTEMPATH\CodeIgniter.php(493): CodeIgniter\CodeIgniter->createController()
 3 SYSTEMPATH\CodeIgniter.php(361): CodeIgniter\CodeIgniter->handleRequest(null, Object(Config\Cache), false)
 4 FCPATH\index.php(79): CodeIgniter\CodeIgniter->run()
 5 SYSTEMPATH\Commands\Server\rewrite.php(47): require_once('C:\\Users\\marcl\\xampp\\htdocs\\CVVEN\\public\\index.php')
WARNING - 2024-04-16 09:12:46 --> [DEPRECATED] Creation of dynamic property App\Controllers\Logement::$logementModel is deprecated in APPPATH\Controllers\Logement.php on line 23.
 1 SYSTEMPATH\CodeIgniter.php(913): App\Controllers\Logement->__construct()
 2 SYSTEMPATH\CodeIgniter.php(493): CodeIgniter\CodeIgniter->createController()
 3 SYSTEMPATH\CodeIgniter.php(361): CodeIgniter\CodeIgniter->handleRequest(null, Object(Config\Cache), false)
 4 FCPATH\index.php(79): CodeIgniter\CodeIgniter->run()
 5 SYSTEMPATH\Commands\Server\rewrite.php(47): require_once('C:\\Users\\marcl\\xampp\\htdocs\\CVVEN\\public\\index.php')
WARNING - 2024-04-16 09:12:49 --> [DEPRECATED] Creation of dynamic property App\Controllers\Logement::$logementModel is deprecated in APPPATH\Controllers\Logement.php on line 23.
 1 SYSTEMPATH\CodeIgniter.php(913): App\Controllers\Logement->__construct()
 2 SYSTEMPATH\CodeIgniter.php(493): CodeIgniter\CodeIgniter->createController()
 3 SYSTEMPATH\CodeIgniter.php(361): CodeIgniter\CodeIgniter->handleRequest(null, Object(Config\Cache), false)
 4 FCPATH\index.php(79): CodeIgniter\CodeIgniter->run()
 5 SYSTEMPATH\Commands\Server\rewrite.php(47): require_once('C:\\Users\\marcl\\xampp\\htdocs\\CVVEN\\public\\index.php')
WARNING - 2024-04-16 09:12:52 --> [DEPRECATED] Creation of dynamic property App\Controllers\Logement::$logementModel is deprecated in APPPATH\Controllers\Logement.php on line 23.
 1 SYSTEMPATH\CodeIgniter.php(913): App\Controllers\Logement->__construct()
 2 SYSTEMPATH\CodeIgniter.php(493): CodeIgniter\CodeIgniter->createController()
 3 SYSTEMPATH\CodeIgniter.php(361): CodeIgniter\CodeIgniter->handleRequest(null, Object(Config\Cache), false)
 4 FCPATH\index.php(79): CodeIgniter\CodeIgniter->run()
 5 SYSTEMPATH\Commands\Server\rewrite.php(47): require_once('C:\\Users\\marcl\\xampp\\htdocs\\CVVEN\\public\\index.php')
WARNING - 2024-04-16 09:12:55 --> [DEPRECATED] Creation of dynamic property App\Controllers\Logement::$logementModel is deprecated in APPPATH\Controllers\Logement.php on line 23.
 1 SYSTEMPATH\CodeIgniter.php(913): App\Controllers\Logement->__construct()
 2 SYSTEMPATH\CodeIgniter.php(493): CodeIgniter\CodeIgniter->createController()
 3 SYSTEMPATH\CodeIgniter.php(361): CodeIgniter\CodeIgniter->handleRequest(null, Object(Config\Cache), false)
 4 FCPATH\index.php(79): CodeIgniter\CodeIgniter->run()
 5 SYSTEMPATH\Commands\Server\rewrite.php(47): require_once('C:\\Users\\marcl\\xampp\\htdocs\\CVVEN\\public\\index.php')
WARNING - 2024-04-16 09:12:56 --> [DEPRECATED] Creation of dynamic property App\Controllers\Logement::$logementModel is deprecated in APPPATH\Controllers\Logement.php on line 23.
 1 SYSTEMPATH\CodeIgniter.php(913): App\Controllers\Logement->__construct()
 2 SYSTEMPATH\CodeIgniter.php(493): CodeIgniter\CodeIgniter->createController()
 3 SYSTEMPATH\CodeIgniter.php(361): CodeIgniter\CodeIgniter->handleRequest(null, Object(Config\Cache), false)
 4 FCPATH\index.php(79): CodeIgniter\CodeIgniter->run()
 5 SYSTEMPATH\Commands\Server\rewrite.php(47): require_once('C:\\Users\\marcl\\xampp\\htdocs\\CVVEN\\public\\index.php')
WARNING - 2024-04-16 09:12:59 --> [DEPRECATED] Creation of dynamic property App\Controllers\Logement::$logementModel is deprecated in APPPATH\Controllers\Logement.php on line 23.
 1 SYSTEMPATH\CodeIgniter.php(913): App\Controllers\Logement->__construct()
 2 SYSTEMPATH\CodeIgniter.php(493): CodeIgniter\CodeIgniter->createController()
 3 SYSTEMPATH\CodeIgniter.php(361): CodeIgniter\CodeIgniter->handleRequest(null, Object(Config\Cache), false)
 4 FCPATH\index.php(79): CodeIgniter\CodeIgniter->run()
 5 SYSTEMPATH\Commands\Server\rewrite.php(47): require_once('C:\\Users\\marcl\\xampp\\htdocs\\CVVEN\\public\\index.php')
WARNING - 2024-04-16 09:13:03 --> [DEPRECATED] Creation of dynamic property App\Controllers\Logement::$logementModel is deprecated in APPPATH\Controllers\Logement.php on line 23.
 1 SYSTEMPATH\CodeIgniter.php(913): App\Controllers\Logement->__construct()
 2 SYSTEMPATH\CodeIgniter.php(493): CodeIgniter\CodeIgniter->createController()
 3 SYSTEMPATH\CodeIgniter.php(361): CodeIgniter\CodeIgniter->handleRequest(null, Object(Config\Cache), false)
 4 FCPATH\index.php(79): CodeIgniter\CodeIgniter->run()
 5 SYSTEMPATH\Commands\Server\rewrite.php(47): require_once('C:\\Users\\marcl\\xampp\\htdocs\\CVVEN\\public\\index.php')
WARNING - 2024-04-16 09:13:06 --> [DEPRECATED] Creation of dynamic property App\Controllers\Logement::$logementModel is deprecated in APPPATH\Controllers\Logement.php on line 23.
 1 SYSTEMPATH\CodeIgniter.php(913): App\Controllers\Logement->__construct()
 2 SYSTEMPATH\CodeIgniter.php(493): CodeIgniter\CodeIgniter->createController()
 3 SYSTEMPATH\CodeIgniter.php(361): CodeIgniter\CodeIgniter->handleRequest(null, Object(Config\Cache), false)
 4 FCPATH\index.php(79): CodeIgniter\CodeIgniter->run()
 5 SYSTEMPATH\Commands\Server\rewrite.php(47): require_once('C:\\Users\\marcl\\xampp\\htdocs\\CVVEN\\public\\index.php')
WARNING - 2024-04-16 09:20:12 --> [DEPRECATED] Creation of dynamic property App\Controllers\Logement::$logementModel is deprecated in APPPATH\Controllers\Logement.php on line 23.
 1 SYSTEMPATH\CodeIgniter.php(913): App\Controllers\Logement->__construct()
 2 SYSTEMPATH\CodeIgniter.php(493): CodeIgniter\CodeIgniter->createController()
 3 SYSTEMPATH\CodeIgniter.php(361): CodeIgniter\CodeIgniter->handleRequest(null, Object(Config\Cache), false)
 4 FCPATH\index.php(79): CodeIgniter\CodeIgniter->run()
 5 SYSTEMPATH\Commands\Server\rewrite.php(47): require_once('C:\\Users\\marcl\\xampp\\htdocs\\CVVEN\\public\\index.php')
WARNING - 2024-04-16 09:20:16 --> [DEPRECATED] Creation of dynamic property App\Controllers\Logement::$logementModel is deprecated in APPPATH\Controllers\Logement.php on line 23.
 1 SYSTEMPATH\CodeIgniter.php(913): App\Controllers\Logement->__construct()
 2 SYSTEMPATH\CodeIgniter.php(493): CodeIgniter\CodeIgniter->createController()
 3 SYSTEMPATH\CodeIgniter.php(361): CodeIgniter\CodeIgniter->handleRequest(null, Object(Config\Cache), false)
 4 FCPATH\index.php(79): CodeIgniter\CodeIgniter->run()
 5 SYSTEMPATH\Commands\Server\rewrite.php(47): require_once('C:\\Users\\marcl\\xampp\\htdocs\\CVVEN\\public\\index.php')
WARNING - 2024-04-16 09:20:22 --> [DEPRECATED] Creation of dynamic property App\Controllers\Logement::$logementModel is deprecated in APPPATH\Controllers\Logement.php on line 23.
 1 SYSTEMPATH\CodeIgniter.php(913): App\Controllers\Logement->__construct()
 2 SYSTEMPATH\CodeIgniter.php(493): CodeIgniter\CodeIgniter->createController()
 3 SYSTEMPATH\CodeIgniter.php(361): CodeIgniter\CodeIgniter->handleRequest(null, Object(Config\Cache), false)
 4 FCPATH\index.php(79): CodeIgniter\CodeIgniter->run()
 5 SYSTEMPATH\Commands\Server\rewrite.php(47): require_once('C:\\Users\\marcl\\xampp\\htdocs\\CVVEN\\public\\index.php')
WARNING - 2024-04-16 09:22:08 --> [DEPRECATED] Creation of dynamic property App\Controllers\Logement::$logementModel is deprecated in APPPATH\Controllers\Logement.php on line 23.
 1 SYSTEMPATH\CodeIgniter.php(913): App\Controllers\Logement->__construct()
 2 SYSTEMPATH\CodeIgniter.php(493): CodeIgniter\CodeIgniter->createController()
 3 SYSTEMPATH\CodeIgniter.php(361): CodeIgniter\CodeIgniter->handleRequest(null, Object(Config\Cache), false)
 4 FCPATH\index.php(79): CodeIgniter\CodeIgniter->run()
 5 SYSTEMPATH\Commands\Server\rewrite.php(47): require_once('C:\\Users\\marcl\\xampp\\htdocs\\CVVEN\\public\\index.php')
WARNING - 2024-04-16 09:22:09 --> [DEPRECATED] Creation of dynamic property App\Controllers\Logement::$logementModel is deprecated in APPPATH\Controllers\Logement.php on line 23.
 1 SYSTEMPATH\CodeIgniter.php(913): App\Controllers\Logement->__construct()
 2 SYSTEMPATH\CodeIgniter.php(493): CodeIgniter\CodeIgniter->createController()
 3 SYSTEMPATH\CodeIgniter.php(361): CodeIgniter\CodeIgniter->handleRequest(null, Object(Config\Cache), false)
 4 FCPATH\index.php(79): CodeIgniter\CodeIgniter->run()
 5 SYSTEMPATH\Commands\Server\rewrite.php(47): require_once('C:\\Users\\marcl\\xampp\\htdocs\\CVVEN\\public\\index.php')
WARNING - 2024-04-16 09:22:11 --> [DEPRECATED] Creation of dynamic property App\Controllers\Logement::$logementModel is deprecated in APPPATH\Controllers\Logement.php on line 23.
 1 SYSTEMPATH\CodeIgniter.php(913): App\Controllers\Logement->__construct()
 2 SYSTEMPATH\CodeIgniter.php(493): CodeIgniter\CodeIgniter->createController()
 3 SYSTEMPATH\CodeIgniter.php(361): CodeIgniter\CodeIgniter->handleRequest(null, Object(Config\Cache), false)
 4 FCPATH\index.php(79): CodeIgniter\CodeIgniter->run()
 5 SYSTEMPATH\Commands\Server\rewrite.php(47): require_once('C:\\Users\\marcl\\xampp\\htdocs\\CVVEN\\public\\index.php')
WARNING - 2024-04-16 09:23:00 --> [DEPRECATED] Creation of dynamic property App\Controllers\Logement::$logementModel is deprecated in APPPATH\Controllers\Logement.php on line 23.
 1 SYSTEMPATH\CodeIgniter.php(913): App\Controllers\Logement->__construct()
 2 SYSTEMPATH\CodeIgniter.php(493): CodeIgniter\CodeIgniter->createController()
 3 SYSTEMPATH\CodeIgniter.php(361): CodeIgniter\CodeIgniter->handleRequest(null, Object(Config\Cache), false)
 4 FCPATH\index.php(79): CodeIgniter\CodeIgniter->run()
 5 SYSTEMPATH\Commands\Server\rewrite.php(47): require_once('C:\\Users\\marcl\\xampp\\htdocs\\CVVEN\\public\\index.php')
WARNING - 2024-04-16 09:23:02 --> [DEPRECATED] Creation of dynamic property App\Controllers\Logement::$logementModel is deprecated in APPPATH\Controllers\Logement.php on line 23.
 1 SYSTEMPATH\CodeIgniter.php(913): App\Controllers\Logement->__construct()
 2 SYSTEMPATH\CodeIgniter.php(493): CodeIgniter\CodeIgniter->createController()
 3 SYSTEMPATH\CodeIgniter.php(361): CodeIgniter\CodeIgniter->handleRequest(null, Object(Config\Cache), false)
 4 FCPATH\index.php(79): CodeIgniter\CodeIgniter->run()
 5 SYSTEMPATH\Commands\Server\rewrite.php(47): require_once('C:\\Users\\marcl\\xampp\\htdocs\\CVVEN\\public\\index.php')
CRITICAL - 2024-04-16 09:23:02 --> ErrorException: Undefined variable $nbr_logement_type3
in APPPATH\Views\pages\logement\type3.php on line 3.
 1 APPPATH\Views\pages\logement\type3.php(3): CodeIgniter\Debug\Exceptions->errorHandler(2, 'Undefined variable $nbr_logement_type3', 'C:\\Users\\marcl\\xampp\\htdocs\\CVVEN\\app\\Views\\pages\\logement\\type3.php', 3)
 2 SYSTEMPATH\View\View.php(228): include('C:\\Users\\marcl\\xampp\\htdocs\\CVVEN\\app\\Views\\pages\\logement\\type3.php')
 3 SYSTEMPATH\View\View.php(231): CodeIgniter\View\View->CodeIgniter\View\{closure}()
 4 SYSTEMPATH\Common.php(1178): CodeIgniter\View\View->render('pages/logement/type3', [], true)
 5 APPPATH\Controllers\Logement.php(84): view('pages/logement/type3', [...])
 6 SYSTEMPATH\CodeIgniter.php(941): App\Controllers\Logement->type3()
 7 SYSTEMPATH\CodeIgniter.php(502): CodeIgniter\CodeIgniter->runController(Object(App\Controllers\Logement))
 8 SYSTEMPATH\CodeIgniter.php(361): CodeIgniter\CodeIgniter->handleRequest(null, Object(Config\Cache), false)
 9 FCPATH\index.php(79): CodeIgniter\CodeIgniter->run()
10 SYSTEMPATH\Commands\Server\rewrite.php(47): require_once('C:\\Users\\marcl\\xampp\\htdocs\\CVVEN\\public\\index.php')
WARNING - 2024-04-16 09:23:11 --> [DEPRECATED] Creation of dynamic property App\Controllers\Logement::$logementModel is deprecated in APPPATH\Controllers\Logement.php on line 23.
 1 SYSTEMPATH\CodeIgniter.php(913): App\Controllers\Logement->__construct()
 2 SYSTEMPATH\CodeIgniter.php(493): CodeIgniter\CodeIgniter->createController()
 3 SYSTEMPATH\CodeIgniter.php(361): CodeIgniter\CodeIgniter->handleRequest(null, Object(Config\Cache), false)
 4 FCPATH\index.php(79): CodeIgniter\CodeIgniter->run()
 5 SYSTEMPATH\Commands\Server\rewrite.php(47): require_once('C:\\Users\\marcl\\xampp\\htdocs\\CVVEN\\public\\index.php')
WARNING - 2024-04-16 09:23:12 --> [DEPRECATED] Creation of dynamic property App\Controllers\Logement::$logementModel is deprecated in APPPATH\Controllers\Logement.php on line 23.
 1 SYSTEMPATH\CodeIgniter.php(913): App\Controllers\Logement->__construct()
 2 SYSTEMPATH\CodeIgniter.php(493): CodeIgniter\CodeIgniter->createController()
 3 SYSTEMPATH\CodeIgniter.php(361): CodeIgniter\CodeIgniter->handleRequest(null, Object(Config\Cache), false)
 4 FCPATH\index.php(79): CodeIgniter\CodeIgniter->run()
 5 SYSTEMPATH\Commands\Server\rewrite.php(47): require_once('C:\\Users\\marcl\\xampp\\htdocs\\CVVEN\\public\\index.php')
CRITICAL - 2024-04-16 09:23:12 --> ErrorException: Undefined variable $nbr_logement_type4
in APPPATH\Views\pages\logement\type4.php on line 3.
 1 APPPATH\Views\pages\logement\type4.php(3): CodeIgniter\Debug\Exceptions->errorHandler(2, 'Undefined variable $nbr_logement_type4', 'C:\\Users\\marcl\\xampp\\htdocs\\CVVEN\\app\\Views\\pages\\logement\\type4.php', 3)
 2 SYSTEMPATH\View\View.php(228): include('C:\\Users\\marcl\\xampp\\htdocs\\CVVEN\\app\\Views\\pages\\logement\\type4.php')
 3 SYSTEMPATH\View\View.php(231): CodeIgniter\View\View->CodeIgniter\View\{closure}()
 4 SYSTEMPATH\Common.php(1178): CodeIgniter\View\View->render('pages/logement/type4', [], true)
 5 APPPATH\Controllers\Logement.php(92): view('pages/logement/type4', [...])
 6 SYSTEMPATH\CodeIgniter.php(941): App\Controllers\Logement->type4()
 7 SYSTEMPATH\CodeIgniter.php(502): CodeIgniter\CodeIgniter->runController(Object(App\Controllers\Logement))
 8 SYSTEMPATH\CodeIgniter.php(361): CodeIgniter\CodeIgniter->handleRequest(null, Object(Config\Cache), false)
 9 FCPATH\index.php(79): CodeIgniter\CodeIgniter->run()
10 SYSTEMPATH\Commands\Server\rewrite.php(47): require_once('C:\\Users\\marcl\\xampp\\htdocs\\CVVEN\\public\\index.php')
WARNING - 2024-04-16 09:24:03 --> [DEPRECATED] Creation of dynamic property App\Controllers\Logement::$logementModel is deprecated in APPPATH\Controllers\Logement.php on line 23.
 1 SYSTEMPATH\CodeIgniter.php(913): App\Controllers\Logement->__construct()
 2 SYSTEMPATH\CodeIgniter.php(493): CodeIgniter\CodeIgniter->createController()
 3 SYSTEMPATH\CodeIgniter.php(361): CodeIgniter\CodeIgniter->handleRequest(null, Object(Config\Cache), false)
 4 FCPATH\index.php(79): CodeIgniter\CodeIgniter->run()
 5 SYSTEMPATH\Commands\Server\rewrite.php(47): require_once('C:\\Users\\marcl\\xampp\\htdocs\\CVVEN\\public\\index.php')
WARNING - 2024-04-16 09:24:05 --> [DEPRECATED] Creation of dynamic property App\Controllers\Logement::$logementModel is deprecated in APPPATH\Controllers\Logement.php on line 23.
 1 SYSTEMPATH\CodeIgniter.php(913): App\Controllers\Logement->__construct()
 2 SYSTEMPATH\CodeIgniter.php(493): CodeIgniter\CodeIgniter->createController()
 3 SYSTEMPATH\CodeIgniter.php(361): CodeIgniter\CodeIgniter->handleRequest(null, Object(Config\Cache), false)
 4 FCPATH\index.php(79): CodeIgniter\CodeIgniter->run()
 5 SYSTEMPATH\Commands\Server\rewrite.php(47): require_once('C:\\Users\\marcl\\xampp\\htdocs\\CVVEN\\public\\index.php')
WARNING - 2024-04-16 09:24:17 --> [DEPRECATED] Creation of dynamic property App\Controllers\Logement::$logementModel is deprecated in APPPATH\Controllers\Logement.php on line 23.
 1 SYSTEMPATH\CodeIgniter.php(913): App\Controllers\Logement->__construct()
 2 SYSTEMPATH\CodeIgniter.php(493): CodeIgniter\CodeIgniter->createController()
 3 SYSTEMPATH\CodeIgniter.php(361): CodeIgniter\CodeIgniter->handleRequest(null, Object(Config\Cache), false)
 4 FCPATH\index.php(79): CodeIgniter\CodeIgniter->run()
 5 SYSTEMPATH\Commands\Server\rewrite.php(47): require_once('C:\\Users\\marcl\\xampp\\htdocs\\CVVEN\\public\\index.php')
WARNING - 2024-04-16 09:24:21 --> [DEPRECATED] Creation of dynamic property App\Controllers\Logement::$logementModel is deprecated in APPPATH\Controllers\Logement.php on line 23.
 1 SYSTEMPATH\CodeIgniter.php(913): App\Controllers\Logement->__construct()
 2 SYSTEMPATH\CodeIgniter.php(493): CodeIgniter\CodeIgniter->createController()
 3 SYSTEMPATH\CodeIgniter.php(361): CodeIgniter\CodeIgniter->handleRequest(null, Object(Config\Cache), false)
 4 FCPATH\index.php(79): CodeIgniter\CodeIgniter->run()
 5 SYSTEMPATH\Commands\Server\rewrite.php(47): require_once('C:\\Users\\marcl\\xampp\\htdocs\\CVVEN\\public\\index.php')
WARNING - 2024-04-16 09:24:30 --> [DEPRECATED] Creation of dynamic property App\Controllers\Logement::$logementModel is deprecated in APPPATH\Controllers\Logement.php on line 23.
 1 SYSTEMPATH\CodeIgniter.php(913): App\Controllers\Logement->__construct()
 2 SYSTEMPATH\CodeIgniter.php(493): CodeIgniter\CodeIgniter->createController()
 3 SYSTEMPATH\CodeIgniter.php(361): CodeIgniter\CodeIgniter->handleRequest(null, Object(Config\Cache), false)
 4 FCPATH\index.php(79): CodeIgniter\CodeIgniter->run()
 5 SYSTEMPATH\Commands\Server\rewrite.php(47): require_once('C:\\Users\\marcl\\xampp\\htdocs\\CVVEN\\public\\index.php')
WARNING - 2024-04-16 09:24:33 --> [DEPRECATED] Creation of dynamic property App\Controllers\Logement::$logementModel is deprecated in APPPATH\Controllers\Logement.php on line 23.
 1 SYSTEMPATH\CodeIgniter.php(913): App\Controllers\Logement->__construct()
 2 SYSTEMPATH\CodeIgniter.php(493): CodeIgniter\CodeIgniter->createController()
 3 SYSTEMPATH\CodeIgniter.php(361): CodeIgniter\CodeIgniter->handleRequest(null, Object(Config\Cache), false)
 4 FCPATH\index.php(79): CodeIgniter\CodeIgniter->run()
 5 SYSTEMPATH\Commands\Server\rewrite.php(47): require_once('C:\\Users\\marcl\\xampp\\htdocs\\CVVEN\\public\\index.php')
WARNING - 2024-04-16 09:24:34 --> [DEPRECATED] Creation of dynamic property App\Controllers\Logement::$logementModel is deprecated in APPPATH\Controllers\Logement.php on line 23.
 1 SYSTEMPATH\CodeIgniter.php(913): App\Controllers\Logement->__construct()
 2 SYSTEMPATH\CodeIgniter.php(493): CodeIgniter\CodeIgniter->createController()
 3 SYSTEMPATH\CodeIgniter.php(361): CodeIgniter\CodeIgniter->handleRequest(null, Object(Config\Cache), false)
 4 FCPATH\index.php(79): CodeIgniter\CodeIgniter->run()
 5 SYSTEMPATH\Commands\Server\rewrite.php(47): require_once('C:\\Users\\marcl\\xampp\\htdocs\\CVVEN\\public\\index.php')
WARNING - 2024-04-16 09:24:36 --> [DEPRECATED] Creation of dynamic property App\Controllers\Logement::$logementModel is deprecated in APPPATH\Controllers\Logement.php on line 23.
 1 SYSTEMPATH\CodeIgniter.php(913): App\Controllers\Logement->__construct()
 2 SYSTEMPATH\CodeIgniter.php(493): CodeIgniter\CodeIgniter->createController()
 3 SYSTEMPATH\CodeIgniter.php(361): CodeIgniter\CodeIgniter->handleRequest(null, Object(Config\Cache), false)
 4 FCPATH\index.php(79): CodeIgniter\CodeIgniter->run()
 5 SYSTEMPATH\Commands\Server\rewrite.php(47): require_once('C:\\Users\\marcl\\xampp\\htdocs\\CVVEN\\public\\index.php')
WARNING - 2024-04-16 09:24:37 --> [DEPRECATED] Creation of dynamic property App\Controllers\Logement::$logementModel is deprecated in APPPATH\Controllers\Logement.php on line 23.
 1 SYSTEMPATH\CodeIgniter.php(913): App\Controllers\Logement->__construct()
 2 SYSTEMPATH\CodeIgniter.php(493): CodeIgniter\CodeIgniter->createController()
 3 SYSTEMPATH\CodeIgniter.php(361): CodeIgniter\CodeIgniter->handleRequest(null, Object(Config\Cache), false)
 4 FCPATH\index.php(79): CodeIgniter\CodeIgniter->run()
 5 SYSTEMPATH\Commands\Server\rewrite.php(47): require_once('C:\\Users\\marcl\\xampp\\htdocs\\CVVEN\\public\\index.php')
WARNING - 2024-04-16 09:24:46 --> [DEPRECATED] Creation of dynamic property App\Controllers\Logement::$logementModel is deprecated in APPPATH\Controllers\Logement.php on line 23.
 1 SYSTEMPATH\CodeIgniter.php(913): App\Controllers\Logement->__construct()
 2 SYSTEMPATH\CodeIgniter.php(493): CodeIgniter\CodeIgniter->createController()
 3 SYSTEMPATH\CodeIgniter.php(361): CodeIgniter\CodeIgniter->handleRequest(null, Object(Config\Cache), false)
 4 FCPATH\index.php(79): CodeIgniter\CodeIgniter->run()
 5 SYSTEMPATH\Commands\Server\rewrite.php(47): require_once('C:\\Users\\marcl\\xampp\\htdocs\\CVVEN\\public\\index.php')
WARNING - 2024-04-16 09:24:47 --> [DEPRECATED] Creation of dynamic property App\Controllers\Logement::$logementModel is deprecated in APPPATH\Controllers\Logement.php on line 23.
 1 SYSTEMPATH\CodeIgniter.php(913): App\Controllers\Logement->__construct()
 2 SYSTEMPATH\CodeIgniter.php(493): CodeIgniter\CodeIgniter->createController()
 3 SYSTEMPATH\CodeIgniter.php(361): CodeIgniter\CodeIgniter->handleRequest(null, Object(Config\Cache), false)
 4 FCPATH\index.php(79): CodeIgniter\CodeIgniter->run()
 5 SYSTEMPATH\Commands\Server\rewrite.php(47): require_once('C:\\Users\\marcl\\xampp\\htdocs\\CVVEN\\public\\index.php')
WARNING - 2024-04-16 09:24:52 --> [DEPRECATED] Creation of dynamic property App\Controllers\Logement::$logementModel is deprecated in APPPATH\Controllers\Logement.php on line 23.
 1 SYSTEMPATH\CodeIgniter.php(913): App\Controllers\Logement->__construct()
 2 SYSTEMPATH\CodeIgniter.php(493): CodeIgniter\CodeIgniter->createController()
 3 SYSTEMPATH\CodeIgniter.php(361): CodeIgniter\CodeIgniter->handleRequest(null, Object(Config\Cache), false)
 4 FCPATH\index.php(79): CodeIgniter\CodeIgniter->run()
 5 SYSTEMPATH\Commands\Server\rewrite.php(47): require_once('C:\\Users\\marcl\\xampp\\htdocs\\CVVEN\\public\\index.php')
WARNING - 2024-04-16 09:24:53 --> [DEPRECATED] Creation of dynamic property App\Controllers\Logement::$logementModel is deprecated in APPPATH\Controllers\Logement.php on line 23.
 1 SYSTEMPATH\CodeIgniter.php(913): App\Controllers\Logement->__construct()
 2 SYSTEMPATH\CodeIgniter.php(493): CodeIgniter\CodeIgniter->createController()
 3 SYSTEMPATH\CodeIgniter.php(361): CodeIgniter\CodeIgniter->handleRequest(null, Object(Config\Cache), false)
 4 FCPATH\index.php(79): CodeIgniter\CodeIgniter->run()
 5 SYSTEMPATH\Commands\Server\rewrite.php(47): require_once('C:\\Users\\marcl\\xampp\\htdocs\\CVVEN\\public\\index.php')
WARNING - 2024-04-16 09:24:57 --> [DEPRECATED] Creation of dynamic property App\Controllers\Logement::$logementModel is deprecated in APPPATH\Controllers\Logement.php on line 23.
 1 SYSTEMPATH\CodeIgniter.php(913): App\Controllers\Logement->__construct()
 2 SYSTEMPATH\CodeIgniter.php(493): CodeIgniter\CodeIgniter->createController()
 3 SYSTEMPATH\CodeIgniter.php(361): CodeIgniter\CodeIgniter->handleRequest(null, Object(Config\Cache), false)
 4 FCPATH\index.php(79): CodeIgniter\CodeIgniter->run()
 5 SYSTEMPATH\Commands\Server\rewrite.php(47): require_once('C:\\Users\\marcl\\xampp\\htdocs\\CVVEN\\public\\index.php')
WARNING - 2024-04-16 09:25:14 --> [DEPRECATED] Creation of dynamic property App\Controllers\Logement::$logementModel is deprecated in APPPATH\Controllers\Logement.php on line 23.
 1 SYSTEMPATH\CodeIgniter.php(913): App\Controllers\Logement->__construct()
 2 SYSTEMPATH\CodeIgniter.php(493): CodeIgniter\CodeIgniter->createController()
 3 SYSTEMPATH\CodeIgniter.php(361): CodeIgniter\CodeIgniter->handleRequest(null, Object(Config\Cache), false)
 4 FCPATH\index.php(79): CodeIgniter\CodeIgniter->run()
 5 SYSTEMPATH\Commands\Server\rewrite.php(47): require_once('C:\\Users\\marcl\\xampp\\htdocs\\CVVEN\\public\\index.php')
WARNING - 2024-04-16 09:25:35 --> [DEPRECATED] Creation of dynamic property App\Controllers\Logement::$logementModel is deprecated in APPPATH\Controllers\Logement.php on line 23.
 1 SYSTEMPATH\CodeIgniter.php(913): App\Controllers\Logement->__construct()
 2 SYSTEMPATH\CodeIgniter.php(493): CodeIgniter\CodeIgniter->createController()
 3 SYSTEMPATH\CodeIgniter.php(361): CodeIgniter\CodeIgniter->handleRequest(null, Object(Config\Cache), false)
 4 FCPATH\index.php(79): CodeIgniter\CodeIgniter->run()
 5 SYSTEMPATH\Commands\Server\rewrite.php(47): require_once('C:\\Users\\marcl\\xampp\\htdocs\\CVVEN\\public\\index.php')
WARNING - 2024-04-16 09:25:50 --> [DEPRECATED] Creation of dynamic property App\Controllers\Logement::$logementModel is deprecated in APPPATH\Controllers\Logement.php on line 23.
 1 SYSTEMPATH\CodeIgniter.php(913): App\Controllers\Logement->__construct()
 2 SYSTEMPATH\CodeIgniter.php(493): CodeIgniter\CodeIgniter->createController()
 3 SYSTEMPATH\CodeIgniter.php(361): CodeIgniter\CodeIgniter->handleRequest(null, Object(Config\Cache), false)
 4 FCPATH\index.php(79): CodeIgniter\CodeIgniter->run()
 5 SYSTEMPATH\Commands\Server\rewrite.php(47): require_once('C:\\Users\\marcl\\xampp\\htdocs\\CVVEN\\public\\index.php')
WARNING - 2024-04-16 09:25:57 --> [DEPRECATED] Creation of dynamic property App\Controllers\Logement::$logementModel is deprecated in APPPATH\Controllers\Logement.php on line 23.
 1 SYSTEMPATH\CodeIgniter.php(913): App\Controllers\Logement->__construct()
 2 SYSTEMPATH\CodeIgniter.php(493): CodeIgniter\CodeIgniter->createController()
 3 SYSTEMPATH\CodeIgniter.php(361): CodeIgniter\CodeIgniter->handleRequest(null, Object(Config\Cache), false)
 4 FCPATH\index.php(79): CodeIgniter\CodeIgniter->run()
 5 SYSTEMPATH\Commands\Server\rewrite.php(47): require_once('C:\\Users\\marcl\\xampp\\htdocs\\CVVEN\\public\\index.php')
WARNING - 2024-04-16 09:25:59 --> [DEPRECATED] Creation of dynamic property App\Controllers\Logement::$logementModel is deprecated in APPPATH\Controllers\Logement.php on line 23.
 1 SYSTEMPATH\CodeIgniter.php(913): App\Controllers\Logement->__construct()
 2 SYSTEMPATH\CodeIgniter.php(493): CodeIgniter\CodeIgniter->createController()
 3 SYSTEMPATH\CodeIgniter.php(361): CodeIgniter\CodeIgniter->handleRequest(null, Object(Config\Cache), false)
 4 FCPATH\index.php(79): CodeIgniter\CodeIgniter->run()
 5 SYSTEMPATH\Commands\Server\rewrite.php(47): require_once('C:\\Users\\marcl\\xampp\\htdocs\\CVVEN\\public\\index.php')
WARNING - 2024-04-16 09:28:37 --> [DEPRECATED] Creation of dynamic property App\Controllers\Logement::$logementModel is deprecated in APPPATH\Controllers\Logement.php on line 23.
 1 SYSTEMPATH\CodeIgniter.php(913): App\Controllers\Logement->__construct()
 2 SYSTEMPATH\CodeIgniter.php(493): CodeIgniter\CodeIgniter->createController()
 3 SYSTEMPATH\CodeIgniter.php(361): CodeIgniter\CodeIgniter->handleRequest(null, Object(Config\Cache), false)
 4 FCPATH\index.php(79): CodeIgniter\CodeIgniter->run()
 5 SYSTEMPATH\Commands\Server\rewrite.php(47): require_once('C:\\Users\\marcl\\xampp\\htdocs\\CVVEN\\public\\index.php')
